[2022-02-13 11:59:12,906] {taskinstance.py:1032} INFO - Dependencies all met for <TaskInstance: gcs_to_bigquery_dag.bq_create_yellow_tripdata_partitioned_table_task scheduled__2022-02-12T00:00:00+00:00 [queued]>
[2022-02-13 11:59:12,920] {taskinstance.py:1032} INFO - Dependencies all met for <TaskInstance: gcs_to_bigquery_dag.bq_create_yellow_tripdata_partitioned_table_task scheduled__2022-02-12T00:00:00+00:00 [queued]>
[2022-02-13 11:59:12,920] {taskinstance.py:1238} INFO - 
--------------------------------------------------------------------------------
[2022-02-13 11:59:12,920] {taskinstance.py:1239} INFO - Starting attempt 1 of 2
[2022-02-13 11:59:12,920] {taskinstance.py:1240} INFO - 
--------------------------------------------------------------------------------
[2022-02-13 11:59:12,941] {taskinstance.py:1259} INFO - Executing <Task(BigQueryInsertJobOperator): bq_create_yellow_tripdata_partitioned_table_task> on 2022-02-12 00:00:00+00:00
[2022-02-13 11:59:12,948] {standard_task_runner.py:52} INFO - Started process 215 to run task
[2022-02-13 11:59:12,963] {standard_task_runner.py:76} INFO - Running: ['***', 'tasks', 'run', 'gcs_to_bigquery_dag', 'bq_create_yellow_tripdata_partitioned_table_task', 'scheduled__2022-02-12T00:00:00+00:00', '--job-id', '936', '--raw', '--subdir', 'DAGS_FOLDER/gcs_to_bigquery_dag.py', '--cfg-path', '/tmp/tmpbsjmbuqo', '--error-file', '/tmp/tmp9l8ei_7r']
[2022-02-13 11:59:12,965] {standard_task_runner.py:77} INFO - Job 936: Subtask bq_create_yellow_tripdata_partitioned_table_task
[2022-02-13 11:59:13,062] {logging_mixin.py:109} INFO - Running <TaskInstance: gcs_to_bigquery_dag.bq_create_yellow_tripdata_partitioned_table_task scheduled__2022-02-12T00:00:00+00:00 [running]> on host 49bbbbff64af
[2022-02-13 11:59:13,157] {taskinstance.py:1426} INFO - Exporting the following env vars:
AIRFLOW_CTX_DAG_OWNER=***
AIRFLOW_CTX_DAG_ID=gcs_to_bigquery_dag
AIRFLOW_CTX_TASK_ID=bq_create_yellow_tripdata_partitioned_table_task
AIRFLOW_CTX_EXECUTION_DATE=2022-02-12T00:00:00+00:00
AIRFLOW_CTX_DAG_RUN_ID=scheduled__2022-02-12T00:00:00+00:00
[2022-02-13 11:59:13,159] {crypto.py:82} WARNING - empty cryptography key - values will not be stored encrypted.
[2022-02-13 11:59:13,165] {logging_mixin.py:109} WARNING - /home/***/.local/lib/python3.7/site-packages/***/utils/context.py:152 AirflowContextDeprecationWarning: Accessing 'execution_date' from the template is deprecated and will be removed in a future version. Please use 'data_interval_start' or 'logical_date' instead.
[2022-02-13 11:59:13,172] {bigquery.py:1637} INFO - Inserting job ***_gcs_to_bigquery_dag_bq_create_yellow_tripdata_partitioned_table_task_2022_02_12T00_00_00_00_00_f06725e736c712d9e2ba33a97793f692
[2022-02-13 11:59:44,812] {taskinstance.py:1277} INFO - Marking task as SUCCESS. dag_id=gcs_to_bigquery_dag, task_id=bq_create_yellow_tripdata_partitioned_table_task, execution_date=20220212T000000, start_date=20220213T115912, end_date=20220213T115944
[2022-02-13 11:59:44,868] {local_task_job.py:154} INFO - Task exited with return code 0
[2022-02-13 11:59:44,900] {local_task_job.py:264} INFO - 0 downstream tasks scheduled from follow-on schedule check
