[2022-02-13 11:59:05,596] {processor.py:163} INFO - Started process (PID=162) to work on /opt/airflow/dags/gcs_to_bigquery_dag.py
[2022-02-13 11:59:05,598] {processor.py:642} INFO - Processing file /opt/airflow/dags/gcs_to_bigquery_dag.py for tasks to queue
[2022-02-13 11:59:05,598] {logging_mixin.py:109} INFO - [2022-02-13 11:59:05,598] {dagbag.py:500} INFO - Filling up the DagBag from /opt/airflow/dags/gcs_to_bigquery_dag.py
[2022-02-13 11:59:07,700] {processor.py:654} INFO - DAG(s) dict_keys(['gcs_to_bigquery_dag']) retrieved from /opt/airflow/dags/gcs_to_bigquery_dag.py
[2022-02-13 11:59:08,586] {logging_mixin.py:109} INFO - [2022-02-13 11:59:08,586] {dag.py:2396} INFO - Sync 1 DAGs
[2022-02-13 11:59:08,626] {processor.py:171} INFO - Processing /opt/airflow/dags/gcs_to_bigquery_dag.py took 3.035 seconds
[2022-02-13 11:59:38,759] {processor.py:163} INFO - Started process (PID=236) to work on /opt/airflow/dags/gcs_to_bigquery_dag.py
[2022-02-13 11:59:38,761] {processor.py:642} INFO - Processing file /opt/airflow/dags/gcs_to_bigquery_dag.py for tasks to queue
[2022-02-13 11:59:38,761] {logging_mixin.py:109} INFO - [2022-02-13 11:59:38,761] {dagbag.py:500} INFO - Filling up the DagBag from /opt/airflow/dags/gcs_to_bigquery_dag.py
[2022-02-13 11:59:39,496] {processor.py:654} INFO - DAG(s) dict_keys(['gcs_to_bigquery_dag']) retrieved from /opt/airflow/dags/gcs_to_bigquery_dag.py
[2022-02-13 11:59:39,507] {logging_mixin.py:109} INFO - [2022-02-13 11:59:39,507] {dag.py:2396} INFO - Sync 1 DAGs
[2022-02-13 11:59:39,536] {processor.py:171} INFO - Processing /opt/airflow/dags/gcs_to_bigquery_dag.py took 0.781 seconds
[2022-02-13 12:00:09,628] {processor.py:163} INFO - Started process (PID=264) to work on /opt/airflow/dags/gcs_to_bigquery_dag.py
[2022-02-13 12:00:09,631] {processor.py:642} INFO - Processing file /opt/airflow/dags/gcs_to_bigquery_dag.py for tasks to queue
[2022-02-13 12:00:09,631] {logging_mixin.py:109} INFO - [2022-02-13 12:00:09,631] {dagbag.py:500} INFO - Filling up the DagBag from /opt/airflow/dags/gcs_to_bigquery_dag.py
[2022-02-13 12:00:10,326] {processor.py:654} INFO - DAG(s) dict_keys(['gcs_to_bigquery_dag']) retrieved from /opt/airflow/dags/gcs_to_bigquery_dag.py
[2022-02-13 12:00:10,335] {logging_mixin.py:109} INFO - [2022-02-13 12:00:10,335] {dag.py:2396} INFO - Sync 1 DAGs
[2022-02-13 12:00:10,352] {logging_mixin.py:109} INFO - [2022-02-13 12:00:10,352] {dag.py:2935} INFO - Setting next_dagrun for gcs_to_bigquery_dag to 2022-02-13T00:00:00+00:00
[2022-02-13 12:00:10,444] {processor.py:171} INFO - Processing /opt/airflow/dags/gcs_to_bigquery_dag.py took 0.820 seconds
[2022-02-13 12:00:40,524] {processor.py:163} INFO - Started process (PID=302) to work on /opt/airflow/dags/gcs_to_bigquery_dag.py
[2022-02-13 12:00:40,526] {processor.py:642} INFO - Processing file /opt/airflow/dags/gcs_to_bigquery_dag.py for tasks to queue
[2022-02-13 12:00:40,527] {logging_mixin.py:109} INFO - [2022-02-13 12:00:40,527] {dagbag.py:500} INFO - Filling up the DagBag from /opt/airflow/dags/gcs_to_bigquery_dag.py
[2022-02-13 12:00:41,263] {processor.py:654} INFO - DAG(s) dict_keys(['gcs_to_bigquery_dag']) retrieved from /opt/airflow/dags/gcs_to_bigquery_dag.py
[2022-02-13 12:00:41,274] {logging_mixin.py:109} INFO - [2022-02-13 12:00:41,273] {dag.py:2396} INFO - Sync 1 DAGs
[2022-02-13 12:00:41,378] {logging_mixin.py:109} INFO - [2022-02-13 12:00:41,378] {dag.py:2935} INFO - Setting next_dagrun for gcs_to_bigquery_dag to 2022-02-13T00:00:00+00:00
[2022-02-13 12:00:41,389] {processor.py:171} INFO - Processing /opt/airflow/dags/gcs_to_bigquery_dag.py took 0.869 seconds
[2022-02-13 12:01:11,468] {processor.py:163} INFO - Started process (PID=330) to work on /opt/airflow/dags/gcs_to_bigquery_dag.py
[2022-02-13 12:01:11,475] {processor.py:642} INFO - Processing file /opt/airflow/dags/gcs_to_bigquery_dag.py for tasks to queue
[2022-02-13 12:01:11,475] {logging_mixin.py:109} INFO - [2022-02-13 12:01:11,475] {dagbag.py:500} INFO - Filling up the DagBag from /opt/airflow/dags/gcs_to_bigquery_dag.py
[2022-02-13 12:01:12,167] {processor.py:654} INFO - DAG(s) dict_keys(['gcs_to_bigquery_dag']) retrieved from /opt/airflow/dags/gcs_to_bigquery_dag.py
[2022-02-13 12:01:12,177] {logging_mixin.py:109} INFO - [2022-02-13 12:01:12,177] {dag.py:2396} INFO - Sync 1 DAGs
[2022-02-13 12:01:12,293] {logging_mixin.py:109} INFO - [2022-02-13 12:01:12,292] {dag.py:2935} INFO - Setting next_dagrun for gcs_to_bigquery_dag to 2022-02-13T00:00:00+00:00
[2022-02-13 12:01:12,303] {processor.py:171} INFO - Processing /opt/airflow/dags/gcs_to_bigquery_dag.py took 0.839 seconds
[2022-02-13 12:01:42,380] {processor.py:163} INFO - Started process (PID=370) to work on /opt/airflow/dags/gcs_to_bigquery_dag.py
[2022-02-13 12:01:42,384] {processor.py:642} INFO - Processing file /opt/airflow/dags/gcs_to_bigquery_dag.py for tasks to queue
[2022-02-13 12:01:42,384] {logging_mixin.py:109} INFO - [2022-02-13 12:01:42,384] {dagbag.py:500} INFO - Filling up the DagBag from /opt/airflow/dags/gcs_to_bigquery_dag.py
[2022-02-13 12:01:43,100] {processor.py:654} INFO - DAG(s) dict_keys(['gcs_to_bigquery_dag']) retrieved from /opt/airflow/dags/gcs_to_bigquery_dag.py
[2022-02-13 12:01:43,109] {logging_mixin.py:109} INFO - [2022-02-13 12:01:43,109] {dag.py:2396} INFO - Sync 1 DAGs
[2022-02-13 12:01:43,218] {logging_mixin.py:109} INFO - [2022-02-13 12:01:43,218] {dag.py:2935} INFO - Setting next_dagrun for gcs_to_bigquery_dag to 2022-02-13T00:00:00+00:00
[2022-02-13 12:01:43,229] {processor.py:171} INFO - Processing /opt/airflow/dags/gcs_to_bigquery_dag.py took 0.853 seconds
[2022-02-13 12:02:13,308] {processor.py:163} INFO - Started process (PID=399) to work on /opt/airflow/dags/gcs_to_bigquery_dag.py
[2022-02-13 12:02:13,310] {processor.py:642} INFO - Processing file /opt/airflow/dags/gcs_to_bigquery_dag.py for tasks to queue
[2022-02-13 12:02:13,311] {logging_mixin.py:109} INFO - [2022-02-13 12:02:13,311] {dagbag.py:500} INFO - Filling up the DagBag from /opt/airflow/dags/gcs_to_bigquery_dag.py
[2022-02-13 12:02:14,131] {processor.py:654} INFO - DAG(s) dict_keys(['gcs_to_bigquery_dag']) retrieved from /opt/airflow/dags/gcs_to_bigquery_dag.py
[2022-02-13 12:02:14,144] {logging_mixin.py:109} INFO - [2022-02-13 12:02:14,144] {dag.py:2396} INFO - Sync 1 DAGs
[2022-02-13 12:02:14,259] {logging_mixin.py:109} INFO - [2022-02-13 12:02:14,259] {dag.py:2935} INFO - Setting next_dagrun for gcs_to_bigquery_dag to 2022-02-13T00:00:00+00:00
[2022-02-13 12:02:14,269] {processor.py:171} INFO - Processing /opt/airflow/dags/gcs_to_bigquery_dag.py took 0.966 seconds
[2022-02-13 12:02:44,307] {processor.py:163} INFO - Started process (PID=437) to work on /opt/airflow/dags/gcs_to_bigquery_dag.py
[2022-02-13 12:02:44,308] {processor.py:642} INFO - Processing file /opt/airflow/dags/gcs_to_bigquery_dag.py for tasks to queue
[2022-02-13 12:02:44,309] {logging_mixin.py:109} INFO - [2022-02-13 12:02:44,309] {dagbag.py:500} INFO - Filling up the DagBag from /opt/airflow/dags/gcs_to_bigquery_dag.py
[2022-02-13 12:02:45,076] {processor.py:654} INFO - DAG(s) dict_keys(['gcs_to_bigquery_dag']) retrieved from /opt/airflow/dags/gcs_to_bigquery_dag.py
[2022-02-13 12:02:45,088] {logging_mixin.py:109} INFO - [2022-02-13 12:02:45,088] {dag.py:2396} INFO - Sync 1 DAGs
[2022-02-13 12:02:45,195] {logging_mixin.py:109} INFO - [2022-02-13 12:02:45,195] {dag.py:2935} INFO - Setting next_dagrun for gcs_to_bigquery_dag to 2022-02-13T00:00:00+00:00
[2022-02-13 12:02:45,207] {processor.py:171} INFO - Processing /opt/airflow/dags/gcs_to_bigquery_dag.py took 0.904 seconds
[2022-02-13 12:03:15,306] {processor.py:163} INFO - Started process (PID=466) to work on /opt/airflow/dags/gcs_to_bigquery_dag.py
[2022-02-13 12:03:15,308] {processor.py:642} INFO - Processing file /opt/airflow/dags/gcs_to_bigquery_dag.py for tasks to queue
[2022-02-13 12:03:15,308] {logging_mixin.py:109} INFO - [2022-02-13 12:03:15,308] {dagbag.py:500} INFO - Filling up the DagBag from /opt/airflow/dags/gcs_to_bigquery_dag.py
[2022-02-13 12:03:16,067] {processor.py:654} INFO - DAG(s) dict_keys(['gcs_to_bigquery_dag']) retrieved from /opt/airflow/dags/gcs_to_bigquery_dag.py
[2022-02-13 12:03:16,078] {logging_mixin.py:109} INFO - [2022-02-13 12:03:16,078] {dag.py:2396} INFO - Sync 1 DAGs
[2022-02-13 12:03:16,184] {logging_mixin.py:109} INFO - [2022-02-13 12:03:16,184] {dag.py:2935} INFO - Setting next_dagrun for gcs_to_bigquery_dag to 2022-02-13T00:00:00+00:00
[2022-02-13 12:03:16,195] {processor.py:171} INFO - Processing /opt/airflow/dags/gcs_to_bigquery_dag.py took 0.893 seconds
[2022-02-13 12:03:46,294] {processor.py:163} INFO - Started process (PID=504) to work on /opt/airflow/dags/gcs_to_bigquery_dag.py
[2022-02-13 12:03:46,295] {processor.py:642} INFO - Processing file /opt/airflow/dags/gcs_to_bigquery_dag.py for tasks to queue
[2022-02-13 12:03:46,296] {logging_mixin.py:109} INFO - [2022-02-13 12:03:46,296] {dagbag.py:500} INFO - Filling up the DagBag from /opt/airflow/dags/gcs_to_bigquery_dag.py
[2022-02-13 12:03:47,028] {processor.py:654} INFO - DAG(s) dict_keys(['gcs_to_bigquery_dag']) retrieved from /opt/airflow/dags/gcs_to_bigquery_dag.py
[2022-02-13 12:03:47,128] {logging_mixin.py:109} INFO - [2022-02-13 12:03:47,127] {dag.py:2396} INFO - Sync 1 DAGs
[2022-02-13 12:03:47,145] {logging_mixin.py:109} INFO - [2022-02-13 12:03:47,145] {dag.py:2935} INFO - Setting next_dagrun for gcs_to_bigquery_dag to 2022-02-13T00:00:00+00:00
[2022-02-13 12:03:47,155] {processor.py:171} INFO - Processing /opt/airflow/dags/gcs_to_bigquery_dag.py took 0.867 seconds
[2022-02-13 12:04:17,237] {processor.py:163} INFO - Started process (PID=544) to work on /opt/airflow/dags/gcs_to_bigquery_dag.py
[2022-02-13 12:04:17,239] {processor.py:642} INFO - Processing file /opt/airflow/dags/gcs_to_bigquery_dag.py for tasks to queue
[2022-02-13 12:04:17,240] {logging_mixin.py:109} INFO - [2022-02-13 12:04:17,240] {dagbag.py:500} INFO - Filling up the DagBag from /opt/airflow/dags/gcs_to_bigquery_dag.py
[2022-02-13 12:04:17,970] {processor.py:654} INFO - DAG(s) dict_keys(['gcs_to_bigquery_dag']) retrieved from /opt/airflow/dags/gcs_to_bigquery_dag.py
[2022-02-13 12:04:18,064] {logging_mixin.py:109} INFO - [2022-02-13 12:04:18,064] {dag.py:2396} INFO - Sync 1 DAGs
[2022-02-13 12:04:18,081] {logging_mixin.py:109} INFO - [2022-02-13 12:04:18,080] {dag.py:2935} INFO - Setting next_dagrun for gcs_to_bigquery_dag to 2022-02-13T00:00:00+00:00
[2022-02-13 12:04:18,091] {processor.py:171} INFO - Processing /opt/airflow/dags/gcs_to_bigquery_dag.py took 0.858 seconds
[2022-02-13 12:04:48,170] {processor.py:163} INFO - Started process (PID=573) to work on /opt/airflow/dags/gcs_to_bigquery_dag.py
[2022-02-13 12:04:48,175] {processor.py:642} INFO - Processing file /opt/airflow/dags/gcs_to_bigquery_dag.py for tasks to queue
[2022-02-13 12:04:48,176] {logging_mixin.py:109} INFO - [2022-02-13 12:04:48,176] {dagbag.py:500} INFO - Filling up the DagBag from /opt/airflow/dags/gcs_to_bigquery_dag.py
[2022-02-13 12:04:49,013] {processor.py:654} INFO - DAG(s) dict_keys(['gcs_to_bigquery_dag']) retrieved from /opt/airflow/dags/gcs_to_bigquery_dag.py
[2022-02-13 12:04:49,022] {logging_mixin.py:109} INFO - [2022-02-13 12:04:49,022] {dag.py:2396} INFO - Sync 1 DAGs
[2022-02-13 12:04:49,039] {logging_mixin.py:109} INFO - [2022-02-13 12:04:49,039] {dag.py:2935} INFO - Setting next_dagrun for gcs_to_bigquery_dag to 2022-02-13T00:00:00+00:00
[2022-02-13 12:04:49,049] {processor.py:171} INFO - Processing /opt/airflow/dags/gcs_to_bigquery_dag.py took 0.884 seconds
[2022-02-13 12:05:19,127] {processor.py:163} INFO - Started process (PID=611) to work on /opt/airflow/dags/gcs_to_bigquery_dag.py
[2022-02-13 12:05:19,129] {processor.py:642} INFO - Processing file /opt/airflow/dags/gcs_to_bigquery_dag.py for tasks to queue
[2022-02-13 12:05:19,129] {logging_mixin.py:109} INFO - [2022-02-13 12:05:19,129] {dagbag.py:500} INFO - Filling up the DagBag from /opt/airflow/dags/gcs_to_bigquery_dag.py
[2022-02-13 12:05:19,963] {processor.py:654} INFO - DAG(s) dict_keys(['gcs_to_bigquery_dag']) retrieved from /opt/airflow/dags/gcs_to_bigquery_dag.py
[2022-02-13 12:05:19,973] {logging_mixin.py:109} INFO - [2022-02-13 12:05:19,972] {dag.py:2396} INFO - Sync 1 DAGs
[2022-02-13 12:05:19,990] {logging_mixin.py:109} INFO - [2022-02-13 12:05:19,990] {dag.py:2935} INFO - Setting next_dagrun for gcs_to_bigquery_dag to 2022-02-13T00:00:00+00:00
[2022-02-13 12:05:20,000] {processor.py:171} INFO - Processing /opt/airflow/dags/gcs_to_bigquery_dag.py took 0.877 seconds
[2022-02-13 12:05:50,079] {processor.py:163} INFO - Started process (PID=639) to work on /opt/airflow/dags/gcs_to_bigquery_dag.py
[2022-02-13 12:05:50,081] {processor.py:642} INFO - Processing file /opt/airflow/dags/gcs_to_bigquery_dag.py for tasks to queue
[2022-02-13 12:05:50,082] {logging_mixin.py:109} INFO - [2022-02-13 12:05:50,082] {dagbag.py:500} INFO - Filling up the DagBag from /opt/airflow/dags/gcs_to_bigquery_dag.py
[2022-02-13 12:05:50,903] {processor.py:654} INFO - DAG(s) dict_keys(['gcs_to_bigquery_dag']) retrieved from /opt/airflow/dags/gcs_to_bigquery_dag.py
[2022-02-13 12:05:50,913] {logging_mixin.py:109} INFO - [2022-02-13 12:05:50,913] {dag.py:2396} INFO - Sync 1 DAGs
[2022-02-13 12:05:50,930] {logging_mixin.py:109} INFO - [2022-02-13 12:05:50,930] {dag.py:2935} INFO - Setting next_dagrun for gcs_to_bigquery_dag to 2022-02-13T00:00:00+00:00
[2022-02-13 12:05:50,940] {processor.py:171} INFO - Processing /opt/airflow/dags/gcs_to_bigquery_dag.py took 0.866 seconds
[2022-02-13 12:06:21,002] {processor.py:163} INFO - Started process (PID=678) to work on /opt/airflow/dags/gcs_to_bigquery_dag.py
[2022-02-13 12:06:21,003] {processor.py:642} INFO - Processing file /opt/airflow/dags/gcs_to_bigquery_dag.py for tasks to queue
[2022-02-13 12:06:21,004] {logging_mixin.py:109} INFO - [2022-02-13 12:06:21,004] {dagbag.py:500} INFO - Filling up the DagBag from /opt/airflow/dags/gcs_to_bigquery_dag.py
[2022-02-13 12:06:21,818] {processor.py:654} INFO - DAG(s) dict_keys(['gcs_to_bigquery_dag']) retrieved from /opt/airflow/dags/gcs_to_bigquery_dag.py
[2022-02-13 12:06:21,833] {logging_mixin.py:109} INFO - [2022-02-13 12:06:21,832] {dag.py:2396} INFO - Sync 1 DAGs
[2022-02-13 12:06:21,859] {logging_mixin.py:109} INFO - [2022-02-13 12:06:21,858] {dag.py:2935} INFO - Setting next_dagrun for gcs_to_bigquery_dag to 2022-02-13T00:00:00+00:00
[2022-02-13 12:06:21,872] {processor.py:171} INFO - Processing /opt/airflow/dags/gcs_to_bigquery_dag.py took 0.875 seconds
[2022-02-13 12:06:51,971] {processor.py:163} INFO - Started process (PID=707) to work on /opt/airflow/dags/gcs_to_bigquery_dag.py
[2022-02-13 12:06:51,973] {processor.py:642} INFO - Processing file /opt/airflow/dags/gcs_to_bigquery_dag.py for tasks to queue
[2022-02-13 12:06:51,974] {logging_mixin.py:109} INFO - [2022-02-13 12:06:51,974] {dagbag.py:500} INFO - Filling up the DagBag from /opt/airflow/dags/gcs_to_bigquery_dag.py
[2022-02-13 12:06:52,843] {processor.py:654} INFO - DAG(s) dict_keys(['gcs_to_bigquery_dag']) retrieved from /opt/airflow/dags/gcs_to_bigquery_dag.py
[2022-02-13 12:06:52,852] {logging_mixin.py:109} INFO - [2022-02-13 12:06:52,852] {dag.py:2396} INFO - Sync 1 DAGs
[2022-02-13 12:06:52,868] {logging_mixin.py:109} INFO - [2022-02-13 12:06:52,868] {dag.py:2935} INFO - Setting next_dagrun for gcs_to_bigquery_dag to 2022-02-13T00:00:00+00:00
[2022-02-13 12:06:52,877] {processor.py:171} INFO - Processing /opt/airflow/dags/gcs_to_bigquery_dag.py took 0.910 seconds
[2022-02-13 12:07:22,970] {processor.py:163} INFO - Started process (PID=744) to work on /opt/airflow/dags/gcs_to_bigquery_dag.py
[2022-02-13 12:07:22,972] {processor.py:642} INFO - Processing file /opt/airflow/dags/gcs_to_bigquery_dag.py for tasks to queue
[2022-02-13 12:07:22,973] {logging_mixin.py:109} INFO - [2022-02-13 12:07:22,973] {dagbag.py:500} INFO - Filling up the DagBag from /opt/airflow/dags/gcs_to_bigquery_dag.py
[2022-02-13 12:07:23,787] {processor.py:654} INFO - DAG(s) dict_keys(['gcs_to_bigquery_dag']) retrieved from /opt/airflow/dags/gcs_to_bigquery_dag.py
[2022-02-13 12:07:23,800] {logging_mixin.py:109} INFO - [2022-02-13 12:07:23,800] {dag.py:2396} INFO - Sync 1 DAGs
[2022-02-13 12:07:23,824] {logging_mixin.py:109} INFO - [2022-02-13 12:07:23,824] {dag.py:2935} INFO - Setting next_dagrun for gcs_to_bigquery_dag to 2022-02-13T00:00:00+00:00
[2022-02-13 12:07:23,837] {processor.py:171} INFO - Processing /opt/airflow/dags/gcs_to_bigquery_dag.py took 0.871 seconds
[2022-02-13 12:07:53,931] {processor.py:163} INFO - Started process (PID=774) to work on /opt/airflow/dags/gcs_to_bigquery_dag.py
[2022-02-13 12:07:53,933] {processor.py:642} INFO - Processing file /opt/airflow/dags/gcs_to_bigquery_dag.py for tasks to queue
[2022-02-13 12:07:53,934] {logging_mixin.py:109} INFO - [2022-02-13 12:07:53,934] {dagbag.py:500} INFO - Filling up the DagBag from /opt/airflow/dags/gcs_to_bigquery_dag.py
[2022-02-13 12:07:54,769] {processor.py:654} INFO - DAG(s) dict_keys(['gcs_to_bigquery_dag']) retrieved from /opt/airflow/dags/gcs_to_bigquery_dag.py
[2022-02-13 12:07:54,779] {logging_mixin.py:109} INFO - [2022-02-13 12:07:54,778] {dag.py:2396} INFO - Sync 1 DAGs
[2022-02-13 12:07:54,794] {logging_mixin.py:109} INFO - [2022-02-13 12:07:54,794] {dag.py:2935} INFO - Setting next_dagrun for gcs_to_bigquery_dag to 2022-02-13T00:00:00+00:00
[2022-02-13 12:07:54,803] {processor.py:171} INFO - Processing /opt/airflow/dags/gcs_to_bigquery_dag.py took 0.877 seconds
[2022-02-13 12:08:24,884] {processor.py:163} INFO - Started process (PID=814) to work on /opt/airflow/dags/gcs_to_bigquery_dag.py
[2022-02-13 12:08:24,887] {processor.py:642} INFO - Processing file /opt/airflow/dags/gcs_to_bigquery_dag.py for tasks to queue
[2022-02-13 12:08:24,888] {logging_mixin.py:109} INFO - [2022-02-13 12:08:24,887] {dagbag.py:500} INFO - Filling up the DagBag from /opt/airflow/dags/gcs_to_bigquery_dag.py
[2022-02-13 12:08:25,833] {processor.py:654} INFO - DAG(s) dict_keys(['gcs_to_bigquery_dag']) retrieved from /opt/airflow/dags/gcs_to_bigquery_dag.py
[2022-02-13 12:08:25,843] {logging_mixin.py:109} INFO - [2022-02-13 12:08:25,843] {dag.py:2396} INFO - Sync 1 DAGs
[2022-02-13 12:08:25,861] {logging_mixin.py:109} INFO - [2022-02-13 12:08:25,861] {dag.py:2935} INFO - Setting next_dagrun for gcs_to_bigquery_dag to 2022-02-13T00:00:00+00:00
[2022-02-13 12:08:25,872] {processor.py:171} INFO - Processing /opt/airflow/dags/gcs_to_bigquery_dag.py took 0.992 seconds
[2022-02-13 12:08:55,982] {processor.py:163} INFO - Started process (PID=841) to work on /opt/airflow/dags/gcs_to_bigquery_dag.py
[2022-02-13 12:08:55,988] {processor.py:642} INFO - Processing file /opt/airflow/dags/gcs_to_bigquery_dag.py for tasks to queue
[2022-02-13 12:08:55,989] {logging_mixin.py:109} INFO - [2022-02-13 12:08:55,988] {dagbag.py:500} INFO - Filling up the DagBag from /opt/airflow/dags/gcs_to_bigquery_dag.py
[2022-02-13 12:08:56,811] {processor.py:654} INFO - DAG(s) dict_keys(['gcs_to_bigquery_dag']) retrieved from /opt/airflow/dags/gcs_to_bigquery_dag.py
[2022-02-13 12:08:56,820] {logging_mixin.py:109} INFO - [2022-02-13 12:08:56,820] {dag.py:2396} INFO - Sync 1 DAGs
[2022-02-13 12:08:56,836] {logging_mixin.py:109} INFO - [2022-02-13 12:08:56,836] {dag.py:2935} INFO - Setting next_dagrun for gcs_to_bigquery_dag to 2022-02-13T00:00:00+00:00
[2022-02-13 12:08:56,844] {processor.py:171} INFO - Processing /opt/airflow/dags/gcs_to_bigquery_dag.py took 0.867 seconds
[2022-02-13 12:09:26,958] {processor.py:163} INFO - Started process (PID=879) to work on /opt/airflow/dags/gcs_to_bigquery_dag.py
[2022-02-13 12:09:26,960] {processor.py:642} INFO - Processing file /opt/airflow/dags/gcs_to_bigquery_dag.py for tasks to queue
[2022-02-13 12:09:26,962] {logging_mixin.py:109} INFO - [2022-02-13 12:09:26,962] {dagbag.py:500} INFO - Filling up the DagBag from /opt/airflow/dags/gcs_to_bigquery_dag.py
[2022-02-13 12:09:27,839] {processor.py:654} INFO - DAG(s) dict_keys(['gcs_to_bigquery_dag']) retrieved from /opt/airflow/dags/gcs_to_bigquery_dag.py
[2022-02-13 12:09:27,850] {logging_mixin.py:109} INFO - [2022-02-13 12:09:27,850] {dag.py:2396} INFO - Sync 1 DAGs
[2022-02-13 12:09:27,868] {logging_mixin.py:109} INFO - [2022-02-13 12:09:27,868] {dag.py:2935} INFO - Setting next_dagrun for gcs_to_bigquery_dag to 2022-02-13T00:00:00+00:00
[2022-02-13 12:09:27,880] {processor.py:171} INFO - Processing /opt/airflow/dags/gcs_to_bigquery_dag.py took 0.927 seconds
[2022-02-13 12:09:57,978] {processor.py:163} INFO - Started process (PID=907) to work on /opt/airflow/dags/gcs_to_bigquery_dag.py
[2022-02-13 12:09:57,980] {processor.py:642} INFO - Processing file /opt/airflow/dags/gcs_to_bigquery_dag.py for tasks to queue
[2022-02-13 12:09:57,981] {logging_mixin.py:109} INFO - [2022-02-13 12:09:57,981] {dagbag.py:500} INFO - Filling up the DagBag from /opt/airflow/dags/gcs_to_bigquery_dag.py
[2022-02-13 12:09:58,791] {processor.py:654} INFO - DAG(s) dict_keys(['gcs_to_bigquery_dag']) retrieved from /opt/airflow/dags/gcs_to_bigquery_dag.py
[2022-02-13 12:09:58,801] {logging_mixin.py:109} INFO - [2022-02-13 12:09:58,801] {dag.py:2396} INFO - Sync 1 DAGs
[2022-02-13 12:09:58,818] {logging_mixin.py:109} INFO - [2022-02-13 12:09:58,818] {dag.py:2935} INFO - Setting next_dagrun for gcs_to_bigquery_dag to 2022-02-13T00:00:00+00:00
[2022-02-13 12:09:58,829] {processor.py:171} INFO - Processing /opt/airflow/dags/gcs_to_bigquery_dag.py took 0.855 seconds
[2022-02-13 12:10:28,910] {processor.py:163} INFO - Started process (PID=946) to work on /opt/airflow/dags/gcs_to_bigquery_dag.py
[2022-02-13 12:10:28,912] {processor.py:642} INFO - Processing file /opt/airflow/dags/gcs_to_bigquery_dag.py for tasks to queue
[2022-02-13 12:10:28,913] {logging_mixin.py:109} INFO - [2022-02-13 12:10:28,913] {dagbag.py:500} INFO - Filling up the DagBag from /opt/airflow/dags/gcs_to_bigquery_dag.py
[2022-02-13 12:10:29,846] {processor.py:654} INFO - DAG(s) dict_keys(['gcs_to_bigquery_dag']) retrieved from /opt/airflow/dags/gcs_to_bigquery_dag.py
[2022-02-13 12:10:29,856] {logging_mixin.py:109} INFO - [2022-02-13 12:10:29,855] {dag.py:2396} INFO - Sync 1 DAGs
[2022-02-13 12:10:29,873] {logging_mixin.py:109} INFO - [2022-02-13 12:10:29,873] {dag.py:2935} INFO - Setting next_dagrun for gcs_to_bigquery_dag to 2022-02-13T00:00:00+00:00
[2022-02-13 12:10:29,884] {processor.py:171} INFO - Processing /opt/airflow/dags/gcs_to_bigquery_dag.py took 0.979 seconds
[2022-02-13 12:10:59,966] {processor.py:163} INFO - Started process (PID=976) to work on /opt/airflow/dags/gcs_to_bigquery_dag.py
[2022-02-13 12:10:59,968] {processor.py:642} INFO - Processing file /opt/airflow/dags/gcs_to_bigquery_dag.py for tasks to queue
[2022-02-13 12:10:59,969] {logging_mixin.py:109} INFO - [2022-02-13 12:10:59,969] {dagbag.py:500} INFO - Filling up the DagBag from /opt/airflow/dags/gcs_to_bigquery_dag.py
[2022-02-13 12:11:00,784] {processor.py:654} INFO - DAG(s) dict_keys(['gcs_to_bigquery_dag']) retrieved from /opt/airflow/dags/gcs_to_bigquery_dag.py
[2022-02-13 12:11:00,793] {logging_mixin.py:109} INFO - [2022-02-13 12:11:00,793] {dag.py:2396} INFO - Sync 1 DAGs
[2022-02-13 12:11:00,810] {logging_mixin.py:109} INFO - [2022-02-13 12:11:00,810] {dag.py:2935} INFO - Setting next_dagrun for gcs_to_bigquery_dag to 2022-02-13T00:00:00+00:00
[2022-02-13 12:11:00,820] {processor.py:171} INFO - Processing /opt/airflow/dags/gcs_to_bigquery_dag.py took 0.859 seconds
[2022-02-13 12:11:30,901] {processor.py:163} INFO - Started process (PID=1015) to work on /opt/airflow/dags/gcs_to_bigquery_dag.py
[2022-02-13 12:11:30,904] {processor.py:642} INFO - Processing file /opt/airflow/dags/gcs_to_bigquery_dag.py for tasks to queue
[2022-02-13 12:11:30,905] {logging_mixin.py:109} INFO - [2022-02-13 12:11:30,904] {dagbag.py:500} INFO - Filling up the DagBag from /opt/airflow/dags/gcs_to_bigquery_dag.py
[2022-02-13 12:11:31,768] {processor.py:654} INFO - DAG(s) dict_keys(['gcs_to_bigquery_dag']) retrieved from /opt/airflow/dags/gcs_to_bigquery_dag.py
[2022-02-13 12:11:31,778] {logging_mixin.py:109} INFO - [2022-02-13 12:11:31,778] {dag.py:2396} INFO - Sync 1 DAGs
[2022-02-13 12:11:31,797] {logging_mixin.py:109} INFO - [2022-02-13 12:11:31,796] {dag.py:2935} INFO - Setting next_dagrun for gcs_to_bigquery_dag to 2022-02-13T00:00:00+00:00
[2022-02-13 12:11:31,808] {processor.py:171} INFO - Processing /opt/airflow/dags/gcs_to_bigquery_dag.py took 0.914 seconds
[2022-02-13 12:12:01,888] {processor.py:163} INFO - Started process (PID=1044) to work on /opt/airflow/dags/gcs_to_bigquery_dag.py
[2022-02-13 12:12:01,890] {processor.py:642} INFO - Processing file /opt/airflow/dags/gcs_to_bigquery_dag.py for tasks to queue
[2022-02-13 12:12:01,890] {logging_mixin.py:109} INFO - [2022-02-13 12:12:01,890] {dagbag.py:500} INFO - Filling up the DagBag from /opt/airflow/dags/gcs_to_bigquery_dag.py
[2022-02-13 12:12:02,731] {processor.py:654} INFO - DAG(s) dict_keys(['gcs_to_bigquery_dag']) retrieved from /opt/airflow/dags/gcs_to_bigquery_dag.py
[2022-02-13 12:12:02,746] {logging_mixin.py:109} INFO - [2022-02-13 12:12:02,745] {dag.py:2396} INFO - Sync 1 DAGs
[2022-02-13 12:12:02,763] {logging_mixin.py:109} INFO - [2022-02-13 12:12:02,763] {dag.py:2935} INFO - Setting next_dagrun for gcs_to_bigquery_dag to 2022-02-13T00:00:00+00:00
[2022-02-13 12:12:02,773] {processor.py:171} INFO - Processing /opt/airflow/dags/gcs_to_bigquery_dag.py took 0.890 seconds
[2022-02-13 12:12:32,850] {processor.py:163} INFO - Started process (PID=1072) to work on /opt/airflow/dags/gcs_to_bigquery_dag.py
[2022-02-13 12:12:32,853] {processor.py:642} INFO - Processing file /opt/airflow/dags/gcs_to_bigquery_dag.py for tasks to queue
[2022-02-13 12:12:32,854] {logging_mixin.py:109} INFO - [2022-02-13 12:12:32,854] {dagbag.py:500} INFO - Filling up the DagBag from /opt/airflow/dags/gcs_to_bigquery_dag.py
[2022-02-13 12:12:33,732] {processor.py:654} INFO - DAG(s) dict_keys(['gcs_to_bigquery_dag']) retrieved from /opt/airflow/dags/gcs_to_bigquery_dag.py
[2022-02-13 12:12:33,743] {logging_mixin.py:109} INFO - [2022-02-13 12:12:33,742] {dag.py:2396} INFO - Sync 1 DAGs
[2022-02-13 12:12:33,760] {logging_mixin.py:109} INFO - [2022-02-13 12:12:33,760] {dag.py:2935} INFO - Setting next_dagrun for gcs_to_bigquery_dag to 2022-02-13T00:00:00+00:00
[2022-02-13 12:12:33,771] {processor.py:171} INFO - Processing /opt/airflow/dags/gcs_to_bigquery_dag.py took 0.926 seconds
[2022-02-13 12:13:03,849] {processor.py:163} INFO - Started process (PID=1109) to work on /opt/airflow/dags/gcs_to_bigquery_dag.py
[2022-02-13 12:13:03,850] {processor.py:642} INFO - Processing file /opt/airflow/dags/gcs_to_bigquery_dag.py for tasks to queue
[2022-02-13 12:13:03,851] {logging_mixin.py:109} INFO - [2022-02-13 12:13:03,851] {dagbag.py:500} INFO - Filling up the DagBag from /opt/airflow/dags/gcs_to_bigquery_dag.py
[2022-02-13 12:13:04,653] {processor.py:654} INFO - DAG(s) dict_keys(['gcs_to_bigquery_dag']) retrieved from /opt/airflow/dags/gcs_to_bigquery_dag.py
[2022-02-13 12:13:04,662] {logging_mixin.py:109} INFO - [2022-02-13 12:13:04,662] {dag.py:2396} INFO - Sync 1 DAGs
[2022-02-13 12:13:04,677] {logging_mixin.py:109} INFO - [2022-02-13 12:13:04,677] {dag.py:2935} INFO - Setting next_dagrun for gcs_to_bigquery_dag to 2022-02-13T00:00:00+00:00
[2022-02-13 12:13:04,686] {processor.py:171} INFO - Processing /opt/airflow/dags/gcs_to_bigquery_dag.py took 0.841 seconds
[2022-02-13 12:13:34,819] {processor.py:163} INFO - Started process (PID=1136) to work on /opt/airflow/dags/gcs_to_bigquery_dag.py
[2022-02-13 12:13:34,821] {processor.py:642} INFO - Processing file /opt/airflow/dags/gcs_to_bigquery_dag.py for tasks to queue
[2022-02-13 12:13:34,822] {logging_mixin.py:109} INFO - [2022-02-13 12:13:34,822] {dagbag.py:500} INFO - Filling up the DagBag from /opt/airflow/dags/gcs_to_bigquery_dag.py
[2022-02-13 12:13:35,708] {processor.py:654} INFO - DAG(s) dict_keys(['gcs_to_bigquery_dag']) retrieved from /opt/airflow/dags/gcs_to_bigquery_dag.py
[2022-02-13 12:13:35,718] {logging_mixin.py:109} INFO - [2022-02-13 12:13:35,718] {dag.py:2396} INFO - Sync 1 DAGs
[2022-02-13 12:13:35,736] {logging_mixin.py:109} INFO - [2022-02-13 12:13:35,736] {dag.py:2935} INFO - Setting next_dagrun for gcs_to_bigquery_dag to 2022-02-13T00:00:00+00:00
[2022-02-13 12:13:35,746] {processor.py:171} INFO - Processing /opt/airflow/dags/gcs_to_bigquery_dag.py took 0.931 seconds
[2022-02-13 12:14:05,838] {processor.py:163} INFO - Started process (PID=1175) to work on /opt/airflow/dags/gcs_to_bigquery_dag.py
[2022-02-13 12:14:05,839] {processor.py:642} INFO - Processing file /opt/airflow/dags/gcs_to_bigquery_dag.py for tasks to queue
[2022-02-13 12:14:05,840] {logging_mixin.py:109} INFO - [2022-02-13 12:14:05,840] {dagbag.py:500} INFO - Filling up the DagBag from /opt/airflow/dags/gcs_to_bigquery_dag.py
[2022-02-13 12:14:06,650] {processor.py:654} INFO - DAG(s) dict_keys(['gcs_to_bigquery_dag']) retrieved from /opt/airflow/dags/gcs_to_bigquery_dag.py
[2022-02-13 12:14:06,660] {logging_mixin.py:109} INFO - [2022-02-13 12:14:06,659] {dag.py:2396} INFO - Sync 1 DAGs
[2022-02-13 12:14:06,676] {logging_mixin.py:109} INFO - [2022-02-13 12:14:06,676] {dag.py:2935} INFO - Setting next_dagrun for gcs_to_bigquery_dag to 2022-02-13T00:00:00+00:00
[2022-02-13 12:14:06,685] {processor.py:171} INFO - Processing /opt/airflow/dags/gcs_to_bigquery_dag.py took 0.852 seconds
[2022-02-13 12:14:36,764] {processor.py:163} INFO - Started process (PID=1205) to work on /opt/airflow/dags/gcs_to_bigquery_dag.py
[2022-02-13 12:14:36,767] {processor.py:642} INFO - Processing file /opt/airflow/dags/gcs_to_bigquery_dag.py for tasks to queue
[2022-02-13 12:14:36,768] {logging_mixin.py:109} INFO - [2022-02-13 12:14:36,767] {dagbag.py:500} INFO - Filling up the DagBag from /opt/airflow/dags/gcs_to_bigquery_dag.py
[2022-02-13 12:14:37,656] {processor.py:654} INFO - DAG(s) dict_keys(['gcs_to_bigquery_dag']) retrieved from /opt/airflow/dags/gcs_to_bigquery_dag.py
[2022-02-13 12:14:37,667] {logging_mixin.py:109} INFO - [2022-02-13 12:14:37,667] {dag.py:2396} INFO - Sync 1 DAGs
[2022-02-13 12:14:37,686] {logging_mixin.py:109} INFO - [2022-02-13 12:14:37,686] {dag.py:2935} INFO - Setting next_dagrun for gcs_to_bigquery_dag to 2022-02-13T00:00:00+00:00
[2022-02-13 12:14:37,697] {processor.py:171} INFO - Processing /opt/airflow/dags/gcs_to_bigquery_dag.py took 0.937 seconds
[2022-02-13 12:15:07,775] {processor.py:163} INFO - Started process (PID=1244) to work on /opt/airflow/dags/gcs_to_bigquery_dag.py
[2022-02-13 12:15:07,783] {processor.py:642} INFO - Processing file /opt/airflow/dags/gcs_to_bigquery_dag.py for tasks to queue
[2022-02-13 12:15:07,784] {logging_mixin.py:109} INFO - [2022-02-13 12:15:07,783] {dagbag.py:500} INFO - Filling up the DagBag from /opt/airflow/dags/gcs_to_bigquery_dag.py
[2022-02-13 12:15:08,605] {processor.py:654} INFO - DAG(s) dict_keys(['gcs_to_bigquery_dag']) retrieved from /opt/airflow/dags/gcs_to_bigquery_dag.py
[2022-02-13 12:15:08,615] {logging_mixin.py:109} INFO - [2022-02-13 12:15:08,615] {dag.py:2396} INFO - Sync 1 DAGs
[2022-02-13 12:15:08,632] {logging_mixin.py:109} INFO - [2022-02-13 12:15:08,632] {dag.py:2935} INFO - Setting next_dagrun for gcs_to_bigquery_dag to 2022-02-13T00:00:00+00:00
[2022-02-13 12:15:08,641] {processor.py:171} INFO - Processing /opt/airflow/dags/gcs_to_bigquery_dag.py took 0.870 seconds
[2022-02-13 12:15:38,722] {processor.py:163} INFO - Started process (PID=1273) to work on /opt/airflow/dags/gcs_to_bigquery_dag.py
[2022-02-13 12:15:38,723] {processor.py:642} INFO - Processing file /opt/airflow/dags/gcs_to_bigquery_dag.py for tasks to queue
[2022-02-13 12:15:38,724] {logging_mixin.py:109} INFO - [2022-02-13 12:15:38,724] {dagbag.py:500} INFO - Filling up the DagBag from /opt/airflow/dags/gcs_to_bigquery_dag.py
[2022-02-13 12:15:39,622] {processor.py:654} INFO - DAG(s) dict_keys(['gcs_to_bigquery_dag']) retrieved from /opt/airflow/dags/gcs_to_bigquery_dag.py
[2022-02-13 12:15:39,632] {logging_mixin.py:109} INFO - [2022-02-13 12:15:39,632] {dag.py:2396} INFO - Sync 1 DAGs
[2022-02-13 12:15:39,649] {logging_mixin.py:109} INFO - [2022-02-13 12:15:39,649] {dag.py:2935} INFO - Setting next_dagrun for gcs_to_bigquery_dag to 2022-02-13T00:00:00+00:00
[2022-02-13 12:15:39,661] {processor.py:171} INFO - Processing /opt/airflow/dags/gcs_to_bigquery_dag.py took 0.944 seconds
[2022-02-13 12:16:09,738] {processor.py:163} INFO - Started process (PID=1311) to work on /opt/airflow/dags/gcs_to_bigquery_dag.py
[2022-02-13 12:16:09,742] {processor.py:642} INFO - Processing file /opt/airflow/dags/gcs_to_bigquery_dag.py for tasks to queue
[2022-02-13 12:16:09,743] {logging_mixin.py:109} INFO - [2022-02-13 12:16:09,743] {dagbag.py:500} INFO - Filling up the DagBag from /opt/airflow/dags/gcs_to_bigquery_dag.py
[2022-02-13 12:16:10,571] {processor.py:654} INFO - DAG(s) dict_keys(['gcs_to_bigquery_dag']) retrieved from /opt/airflow/dags/gcs_to_bigquery_dag.py
[2022-02-13 12:16:10,581] {logging_mixin.py:109} INFO - [2022-02-13 12:16:10,581] {dag.py:2396} INFO - Sync 1 DAGs
[2022-02-13 12:16:10,598] {logging_mixin.py:109} INFO - [2022-02-13 12:16:10,598] {dag.py:2935} INFO - Setting next_dagrun for gcs_to_bigquery_dag to 2022-02-13T00:00:00+00:00
[2022-02-13 12:16:10,609] {processor.py:171} INFO - Processing /opt/airflow/dags/gcs_to_bigquery_dag.py took 0.876 seconds
[2022-02-13 12:16:40,690] {processor.py:163} INFO - Started process (PID=1340) to work on /opt/airflow/dags/gcs_to_bigquery_dag.py
[2022-02-13 12:16:40,692] {processor.py:642} INFO - Processing file /opt/airflow/dags/gcs_to_bigquery_dag.py for tasks to queue
[2022-02-13 12:16:40,693] {logging_mixin.py:109} INFO - [2022-02-13 12:16:40,693] {dagbag.py:500} INFO - Filling up the DagBag from /opt/airflow/dags/gcs_to_bigquery_dag.py
[2022-02-13 12:16:41,614] {processor.py:654} INFO - DAG(s) dict_keys(['gcs_to_bigquery_dag']) retrieved from /opt/airflow/dags/gcs_to_bigquery_dag.py
[2022-02-13 12:16:41,624] {logging_mixin.py:109} INFO - [2022-02-13 12:16:41,623] {dag.py:2396} INFO - Sync 1 DAGs
[2022-02-13 12:16:41,643] {logging_mixin.py:109} INFO - [2022-02-13 12:16:41,643] {dag.py:2935} INFO - Setting next_dagrun for gcs_to_bigquery_dag to 2022-02-13T00:00:00+00:00
[2022-02-13 12:16:41,654] {processor.py:171} INFO - Processing /opt/airflow/dags/gcs_to_bigquery_dag.py took 0.968 seconds
[2022-02-13 12:17:11,735] {processor.py:163} INFO - Started process (PID=1378) to work on /opt/airflow/dags/gcs_to_bigquery_dag.py
[2022-02-13 12:17:11,737] {processor.py:642} INFO - Processing file /opt/airflow/dags/gcs_to_bigquery_dag.py for tasks to queue
[2022-02-13 12:17:11,737] {logging_mixin.py:109} INFO - [2022-02-13 12:17:11,737] {dagbag.py:500} INFO - Filling up the DagBag from /opt/airflow/dags/gcs_to_bigquery_dag.py
[2022-02-13 12:17:12,563] {processor.py:654} INFO - DAG(s) dict_keys(['gcs_to_bigquery_dag']) retrieved from /opt/airflow/dags/gcs_to_bigquery_dag.py
[2022-02-13 12:17:12,572] {logging_mixin.py:109} INFO - [2022-02-13 12:17:12,572] {dag.py:2396} INFO - Sync 1 DAGs
[2022-02-13 12:17:12,590] {logging_mixin.py:109} INFO - [2022-02-13 12:17:12,590] {dag.py:2935} INFO - Setting next_dagrun for gcs_to_bigquery_dag to 2022-02-13T00:00:00+00:00
[2022-02-13 12:17:12,598] {processor.py:171} INFO - Processing /opt/airflow/dags/gcs_to_bigquery_dag.py took 0.868 seconds
[2022-02-13 12:17:42,631] {processor.py:163} INFO - Started process (PID=1406) to work on /opt/airflow/dags/gcs_to_bigquery_dag.py
[2022-02-13 12:17:42,633] {processor.py:642} INFO - Processing file /opt/airflow/dags/gcs_to_bigquery_dag.py for tasks to queue
[2022-02-13 12:17:42,634] {logging_mixin.py:109} INFO - [2022-02-13 12:17:42,634] {dagbag.py:500} INFO - Filling up the DagBag from /opt/airflow/dags/gcs_to_bigquery_dag.py
[2022-02-13 12:17:43,516] {processor.py:654} INFO - DAG(s) dict_keys(['gcs_to_bigquery_dag']) retrieved from /opt/airflow/dags/gcs_to_bigquery_dag.py
[2022-02-13 12:17:43,527] {logging_mixin.py:109} INFO - [2022-02-13 12:17:43,527] {dag.py:2396} INFO - Sync 1 DAGs
[2022-02-13 12:17:43,547] {logging_mixin.py:109} INFO - [2022-02-13 12:17:43,546] {dag.py:2935} INFO - Setting next_dagrun for gcs_to_bigquery_dag to 2022-02-13T00:00:00+00:00
[2022-02-13 12:17:43,557] {processor.py:171} INFO - Processing /opt/airflow/dags/gcs_to_bigquery_dag.py took 0.930 seconds
[2022-02-13 12:18:13,670] {processor.py:163} INFO - Started process (PID=1444) to work on /opt/airflow/dags/gcs_to_bigquery_dag.py
[2022-02-13 12:18:13,672] {processor.py:642} INFO - Processing file /opt/airflow/dags/gcs_to_bigquery_dag.py for tasks to queue
[2022-02-13 12:18:13,673] {logging_mixin.py:109} INFO - [2022-02-13 12:18:13,673] {dagbag.py:500} INFO - Filling up the DagBag from /opt/airflow/dags/gcs_to_bigquery_dag.py
[2022-02-13 12:18:14,534] {processor.py:654} INFO - DAG(s) dict_keys(['gcs_to_bigquery_dag']) retrieved from /opt/airflow/dags/gcs_to_bigquery_dag.py
[2022-02-13 12:18:14,547] {logging_mixin.py:109} INFO - [2022-02-13 12:18:14,547] {dag.py:2396} INFO - Sync 1 DAGs
[2022-02-13 12:18:14,566] {logging_mixin.py:109} INFO - [2022-02-13 12:18:14,566] {dag.py:2935} INFO - Setting next_dagrun for gcs_to_bigquery_dag to 2022-02-13T00:00:00+00:00
[2022-02-13 12:18:14,577] {processor.py:171} INFO - Processing /opt/airflow/dags/gcs_to_bigquery_dag.py took 0.912 seconds
[2022-02-13 12:18:44,671] {processor.py:163} INFO - Started process (PID=1480) to work on /opt/airflow/dags/gcs_to_bigquery_dag.py
[2022-02-13 12:18:44,672] {processor.py:642} INFO - Processing file /opt/airflow/dags/gcs_to_bigquery_dag.py for tasks to queue
[2022-02-13 12:18:44,673] {logging_mixin.py:109} INFO - [2022-02-13 12:18:44,673] {dagbag.py:500} INFO - Filling up the DagBag from /opt/airflow/dags/gcs_to_bigquery_dag.py
[2022-02-13 12:18:45,535] {processor.py:654} INFO - DAG(s) dict_keys(['gcs_to_bigquery_dag']) retrieved from /opt/airflow/dags/gcs_to_bigquery_dag.py
[2022-02-13 12:18:45,548] {logging_mixin.py:109} INFO - [2022-02-13 12:18:45,548] {dag.py:2396} INFO - Sync 1 DAGs
[2022-02-13 12:18:45,569] {logging_mixin.py:109} INFO - [2022-02-13 12:18:45,569] {dag.py:2935} INFO - Setting next_dagrun for gcs_to_bigquery_dag to 2022-02-13T00:00:00+00:00
[2022-02-13 12:18:45,581] {processor.py:171} INFO - Processing /opt/airflow/dags/gcs_to_bigquery_dag.py took 0.914 seconds
[2022-02-13 12:19:15,677] {processor.py:163} INFO - Started process (PID=1510) to work on /opt/airflow/dags/gcs_to_bigquery_dag.py
[2022-02-13 12:19:15,679] {processor.py:642} INFO - Processing file /opt/airflow/dags/gcs_to_bigquery_dag.py for tasks to queue
[2022-02-13 12:19:15,679] {logging_mixin.py:109} INFO - [2022-02-13 12:19:15,679] {dagbag.py:500} INFO - Filling up the DagBag from /opt/airflow/dags/gcs_to_bigquery_dag.py
[2022-02-13 12:19:16,540] {processor.py:654} INFO - DAG(s) dict_keys(['gcs_to_bigquery_dag']) retrieved from /opt/airflow/dags/gcs_to_bigquery_dag.py
[2022-02-13 12:19:16,553] {logging_mixin.py:109} INFO - [2022-02-13 12:19:16,553] {dag.py:2396} INFO - Sync 1 DAGs
[2022-02-13 12:19:16,572] {logging_mixin.py:109} INFO - [2022-02-13 12:19:16,572] {dag.py:2935} INFO - Setting next_dagrun for gcs_to_bigquery_dag to 2022-02-13T00:00:00+00:00
[2022-02-13 12:19:16,583] {processor.py:171} INFO - Processing /opt/airflow/dags/gcs_to_bigquery_dag.py took 0.910 seconds
[2022-02-13 12:19:46,664] {processor.py:163} INFO - Started process (PID=1549) to work on /opt/airflow/dags/gcs_to_bigquery_dag.py
[2022-02-13 12:19:46,666] {processor.py:642} INFO - Processing file /opt/airflow/dags/gcs_to_bigquery_dag.py for tasks to queue
[2022-02-13 12:19:46,666] {logging_mixin.py:109} INFO - [2022-02-13 12:19:46,666] {dagbag.py:500} INFO - Filling up the DagBag from /opt/airflow/dags/gcs_to_bigquery_dag.py
[2022-02-13 12:19:47,516] {processor.py:654} INFO - DAG(s) dict_keys(['gcs_to_bigquery_dag']) retrieved from /opt/airflow/dags/gcs_to_bigquery_dag.py
[2022-02-13 12:19:47,528] {logging_mixin.py:109} INFO - [2022-02-13 12:19:47,527] {dag.py:2396} INFO - Sync 1 DAGs
[2022-02-13 12:19:47,545] {logging_mixin.py:109} INFO - [2022-02-13 12:19:47,544] {dag.py:2935} INFO - Setting next_dagrun for gcs_to_bigquery_dag to 2022-02-13T00:00:00+00:00
[2022-02-13 12:19:47,554] {processor.py:171} INFO - Processing /opt/airflow/dags/gcs_to_bigquery_dag.py took 0.895 seconds
[2022-02-13 12:20:17,640] {processor.py:163} INFO - Started process (PID=1580) to work on /opt/airflow/dags/gcs_to_bigquery_dag.py
[2022-02-13 12:20:17,642] {processor.py:642} INFO - Processing file /opt/airflow/dags/gcs_to_bigquery_dag.py for tasks to queue
[2022-02-13 12:20:17,643] {logging_mixin.py:109} INFO - [2022-02-13 12:20:17,643] {dagbag.py:500} INFO - Filling up the DagBag from /opt/airflow/dags/gcs_to_bigquery_dag.py
[2022-02-13 12:20:18,520] {processor.py:654} INFO - DAG(s) dict_keys(['gcs_to_bigquery_dag']) retrieved from /opt/airflow/dags/gcs_to_bigquery_dag.py
[2022-02-13 12:20:18,532] {logging_mixin.py:109} INFO - [2022-02-13 12:20:18,531] {dag.py:2396} INFO - Sync 1 DAGs
[2022-02-13 12:20:18,549] {logging_mixin.py:109} INFO - [2022-02-13 12:20:18,549] {dag.py:2935} INFO - Setting next_dagrun for gcs_to_bigquery_dag to 2022-02-13T00:00:00+00:00
[2022-02-13 12:20:18,560] {processor.py:171} INFO - Processing /opt/airflow/dags/gcs_to_bigquery_dag.py took 0.925 seconds
[2022-02-13 12:20:48,639] {processor.py:163} INFO - Started process (PID=1618) to work on /opt/airflow/dags/gcs_to_bigquery_dag.py
[2022-02-13 12:20:48,641] {processor.py:642} INFO - Processing file /opt/airflow/dags/gcs_to_bigquery_dag.py for tasks to queue
[2022-02-13 12:20:48,642] {logging_mixin.py:109} INFO - [2022-02-13 12:20:48,642] {dagbag.py:500} INFO - Filling up the DagBag from /opt/airflow/dags/gcs_to_bigquery_dag.py
[2022-02-13 12:20:49,488] {processor.py:654} INFO - DAG(s) dict_keys(['gcs_to_bigquery_dag']) retrieved from /opt/airflow/dags/gcs_to_bigquery_dag.py
[2022-02-13 12:20:49,498] {logging_mixin.py:109} INFO - [2022-02-13 12:20:49,498] {dag.py:2396} INFO - Sync 1 DAGs
[2022-02-13 12:20:49,516] {logging_mixin.py:109} INFO - [2022-02-13 12:20:49,516] {dag.py:2935} INFO - Setting next_dagrun for gcs_to_bigquery_dag to 2022-02-13T00:00:00+00:00
[2022-02-13 12:20:49,527] {processor.py:171} INFO - Processing /opt/airflow/dags/gcs_to_bigquery_dag.py took 0.892 seconds
[2022-02-13 12:21:19,606] {processor.py:163} INFO - Started process (PID=1646) to work on /opt/airflow/dags/gcs_to_bigquery_dag.py
[2022-02-13 12:21:19,608] {processor.py:642} INFO - Processing file /opt/airflow/dags/gcs_to_bigquery_dag.py for tasks to queue
[2022-02-13 12:21:19,609] {logging_mixin.py:109} INFO - [2022-02-13 12:21:19,609] {dagbag.py:500} INFO - Filling up the DagBag from /opt/airflow/dags/gcs_to_bigquery_dag.py
[2022-02-13 12:21:20,484] {processor.py:654} INFO - DAG(s) dict_keys(['gcs_to_bigquery_dag']) retrieved from /opt/airflow/dags/gcs_to_bigquery_dag.py
[2022-02-13 12:21:20,495] {logging_mixin.py:109} INFO - [2022-02-13 12:21:20,494] {dag.py:2396} INFO - Sync 1 DAGs
[2022-02-13 12:21:20,513] {logging_mixin.py:109} INFO - [2022-02-13 12:21:20,512] {dag.py:2935} INFO - Setting next_dagrun for gcs_to_bigquery_dag to 2022-02-13T00:00:00+00:00
[2022-02-13 12:21:20,524] {processor.py:171} INFO - Processing /opt/airflow/dags/gcs_to_bigquery_dag.py took 0.923 seconds
[2022-02-13 12:21:50,600] {processor.py:163} INFO - Started process (PID=1684) to work on /opt/airflow/dags/gcs_to_bigquery_dag.py
[2022-02-13 12:21:50,602] {processor.py:642} INFO - Processing file /opt/airflow/dags/gcs_to_bigquery_dag.py for tasks to queue
[2022-02-13 12:21:50,603] {logging_mixin.py:109} INFO - [2022-02-13 12:21:50,603] {dagbag.py:500} INFO - Filling up the DagBag from /opt/airflow/dags/gcs_to_bigquery_dag.py
[2022-02-13 12:21:51,462] {processor.py:654} INFO - DAG(s) dict_keys(['gcs_to_bigquery_dag']) retrieved from /opt/airflow/dags/gcs_to_bigquery_dag.py
[2022-02-13 12:21:51,472] {logging_mixin.py:109} INFO - [2022-02-13 12:21:51,472] {dag.py:2396} INFO - Sync 1 DAGs
[2022-02-13 12:21:51,492] {logging_mixin.py:109} INFO - [2022-02-13 12:21:51,491] {dag.py:2935} INFO - Setting next_dagrun for gcs_to_bigquery_dag to 2022-02-13T00:00:00+00:00
[2022-02-13 12:21:51,503] {processor.py:171} INFO - Processing /opt/airflow/dags/gcs_to_bigquery_dag.py took 0.907 seconds
[2022-02-13 12:22:21,588] {processor.py:163} INFO - Started process (PID=1712) to work on /opt/airflow/dags/gcs_to_bigquery_dag.py
[2022-02-13 12:22:21,589] {processor.py:642} INFO - Processing file /opt/airflow/dags/gcs_to_bigquery_dag.py for tasks to queue
[2022-02-13 12:22:21,590] {logging_mixin.py:109} INFO - [2022-02-13 12:22:21,590] {dagbag.py:500} INFO - Filling up the DagBag from /opt/airflow/dags/gcs_to_bigquery_dag.py
[2022-02-13 12:22:22,430] {processor.py:654} INFO - DAG(s) dict_keys(['gcs_to_bigquery_dag']) retrieved from /opt/airflow/dags/gcs_to_bigquery_dag.py
[2022-02-13 12:22:22,439] {logging_mixin.py:109} INFO - [2022-02-13 12:22:22,439] {dag.py:2396} INFO - Sync 1 DAGs
[2022-02-13 12:22:22,456] {logging_mixin.py:109} INFO - [2022-02-13 12:22:22,456] {dag.py:2935} INFO - Setting next_dagrun for gcs_to_bigquery_dag to 2022-02-13T00:00:00+00:00
[2022-02-13 12:22:22,465] {processor.py:171} INFO - Processing /opt/airflow/dags/gcs_to_bigquery_dag.py took 0.883 seconds
[2022-02-13 12:22:52,565] {processor.py:163} INFO - Started process (PID=1750) to work on /opt/airflow/dags/gcs_to_bigquery_dag.py
[2022-02-13 12:22:52,567] {processor.py:642} INFO - Processing file /opt/airflow/dags/gcs_to_bigquery_dag.py for tasks to queue
[2022-02-13 12:22:52,568] {logging_mixin.py:109} INFO - [2022-02-13 12:22:52,568] {dagbag.py:500} INFO - Filling up the DagBag from /opt/airflow/dags/gcs_to_bigquery_dag.py
[2022-02-13 12:22:53,454] {processor.py:654} INFO - DAG(s) dict_keys(['gcs_to_bigquery_dag']) retrieved from /opt/airflow/dags/gcs_to_bigquery_dag.py
[2022-02-13 12:22:53,464] {logging_mixin.py:109} INFO - [2022-02-13 12:22:53,464] {dag.py:2396} INFO - Sync 1 DAGs
[2022-02-13 12:22:53,487] {logging_mixin.py:109} INFO - [2022-02-13 12:22:53,487] {dag.py:2935} INFO - Setting next_dagrun for gcs_to_bigquery_dag to 2022-02-13T00:00:00+00:00
[2022-02-13 12:22:53,498] {processor.py:171} INFO - Processing /opt/airflow/dags/gcs_to_bigquery_dag.py took 0.937 seconds
[2022-02-13 12:23:23,609] {processor.py:163} INFO - Started process (PID=1779) to work on /opt/airflow/dags/gcs_to_bigquery_dag.py
[2022-02-13 12:23:23,610] {processor.py:642} INFO - Processing file /opt/airflow/dags/gcs_to_bigquery_dag.py for tasks to queue
[2022-02-13 12:23:23,611] {logging_mixin.py:109} INFO - [2022-02-13 12:23:23,611] {dagbag.py:500} INFO - Filling up the DagBag from /opt/airflow/dags/gcs_to_bigquery_dag.py
[2022-02-13 12:23:24,437] {processor.py:654} INFO - DAG(s) dict_keys(['gcs_to_bigquery_dag']) retrieved from /opt/airflow/dags/gcs_to_bigquery_dag.py
[2022-02-13 12:23:24,447] {logging_mixin.py:109} INFO - [2022-02-13 12:23:24,447] {dag.py:2396} INFO - Sync 1 DAGs
[2022-02-13 12:23:24,464] {logging_mixin.py:109} INFO - [2022-02-13 12:23:24,464] {dag.py:2935} INFO - Setting next_dagrun for gcs_to_bigquery_dag to 2022-02-13T00:00:00+00:00
[2022-02-13 12:23:24,474] {processor.py:171} INFO - Processing /opt/airflow/dags/gcs_to_bigquery_dag.py took 0.870 seconds
[2022-02-13 12:23:54,567] {processor.py:163} INFO - Started process (PID=1813) to work on /opt/airflow/dags/gcs_to_bigquery_dag.py
[2022-02-13 12:23:54,570] {processor.py:642} INFO - Processing file /opt/airflow/dags/gcs_to_bigquery_dag.py for tasks to queue
[2022-02-13 12:23:54,571] {logging_mixin.py:109} INFO - [2022-02-13 12:23:54,571] {dagbag.py:500} INFO - Filling up the DagBag from /opt/airflow/dags/gcs_to_bigquery_dag.py
[2022-02-13 12:23:55,524] {processor.py:654} INFO - DAG(s) dict_keys(['gcs_to_bigquery_dag']) retrieved from /opt/airflow/dags/gcs_to_bigquery_dag.py
[2022-02-13 12:23:55,534] {logging_mixin.py:109} INFO - [2022-02-13 12:23:55,534] {dag.py:2396} INFO - Sync 1 DAGs
[2022-02-13 12:23:55,552] {logging_mixin.py:109} INFO - [2022-02-13 12:23:55,551] {dag.py:2935} INFO - Setting next_dagrun for gcs_to_bigquery_dag to 2022-02-13T00:00:00+00:00
[2022-02-13 12:23:55,563] {processor.py:171} INFO - Processing /opt/airflow/dags/gcs_to_bigquery_dag.py took 1.000 seconds
[2022-02-13 12:24:25,685] {processor.py:163} INFO - Started process (PID=1843) to work on /opt/airflow/dags/gcs_to_bigquery_dag.py
[2022-02-13 12:24:25,687] {processor.py:642} INFO - Processing file /opt/airflow/dags/gcs_to_bigquery_dag.py for tasks to queue
[2022-02-13 12:24:25,687] {logging_mixin.py:109} INFO - [2022-02-13 12:24:25,687] {dagbag.py:500} INFO - Filling up the DagBag from /opt/airflow/dags/gcs_to_bigquery_dag.py
[2022-02-13 12:24:26,491] {processor.py:654} INFO - DAG(s) dict_keys(['gcs_to_bigquery_dag']) retrieved from /opt/airflow/dags/gcs_to_bigquery_dag.py
[2022-02-13 12:24:26,501] {logging_mixin.py:109} INFO - [2022-02-13 12:24:26,501] {dag.py:2396} INFO - Sync 1 DAGs
[2022-02-13 12:24:26,517] {logging_mixin.py:109} INFO - [2022-02-13 12:24:26,517] {dag.py:2935} INFO - Setting next_dagrun for gcs_to_bigquery_dag to 2022-02-13T00:00:00+00:00
[2022-02-13 12:24:26,528] {processor.py:171} INFO - Processing /opt/airflow/dags/gcs_to_bigquery_dag.py took 0.847 seconds
[2022-02-13 12:24:56,630] {processor.py:163} INFO - Started process (PID=1879) to work on /opt/airflow/dags/gcs_to_bigquery_dag.py
[2022-02-13 12:24:56,632] {processor.py:642} INFO - Processing file /opt/airflow/dags/gcs_to_bigquery_dag.py for tasks to queue
[2022-02-13 12:24:56,633] {logging_mixin.py:109} INFO - [2022-02-13 12:24:56,633] {dagbag.py:500} INFO - Filling up the DagBag from /opt/airflow/dags/gcs_to_bigquery_dag.py
[2022-02-13 12:24:57,543] {processor.py:654} INFO - DAG(s) dict_keys(['gcs_to_bigquery_dag']) retrieved from /opt/airflow/dags/gcs_to_bigquery_dag.py
[2022-02-13 12:24:57,558] {logging_mixin.py:109} INFO - [2022-02-13 12:24:57,557] {dag.py:2396} INFO - Sync 1 DAGs
[2022-02-13 12:24:57,583] {logging_mixin.py:109} INFO - [2022-02-13 12:24:57,582] {dag.py:2935} INFO - Setting next_dagrun for gcs_to_bigquery_dag to 2022-02-13T00:00:00+00:00
[2022-02-13 12:24:57,593] {processor.py:171} INFO - Processing /opt/airflow/dags/gcs_to_bigquery_dag.py took 0.968 seconds
[2022-02-13 12:25:27,696] {processor.py:163} INFO - Started process (PID=1909) to work on /opt/airflow/dags/gcs_to_bigquery_dag.py
[2022-02-13 12:25:27,698] {processor.py:642} INFO - Processing file /opt/airflow/dags/gcs_to_bigquery_dag.py for tasks to queue
[2022-02-13 12:25:27,699] {logging_mixin.py:109} INFO - [2022-02-13 12:25:27,699] {dagbag.py:500} INFO - Filling up the DagBag from /opt/airflow/dags/gcs_to_bigquery_dag.py
[2022-02-13 12:25:28,535] {processor.py:654} INFO - DAG(s) dict_keys(['gcs_to_bigquery_dag']) retrieved from /opt/airflow/dags/gcs_to_bigquery_dag.py
[2022-02-13 12:25:28,547] {logging_mixin.py:109} INFO - [2022-02-13 12:25:28,546] {dag.py:2396} INFO - Sync 1 DAGs
[2022-02-13 12:25:28,568] {logging_mixin.py:109} INFO - [2022-02-13 12:25:28,568] {dag.py:2935} INFO - Setting next_dagrun for gcs_to_bigquery_dag to 2022-02-13T00:00:00+00:00
[2022-02-13 12:25:28,578] {processor.py:171} INFO - Processing /opt/airflow/dags/gcs_to_bigquery_dag.py took 0.886 seconds
[2022-02-13 12:25:58,661] {processor.py:163} INFO - Started process (PID=1947) to work on /opt/airflow/dags/gcs_to_bigquery_dag.py
[2022-02-13 12:25:58,663] {processor.py:642} INFO - Processing file /opt/airflow/dags/gcs_to_bigquery_dag.py for tasks to queue
[2022-02-13 12:25:58,664] {logging_mixin.py:109} INFO - [2022-02-13 12:25:58,664] {dagbag.py:500} INFO - Filling up the DagBag from /opt/airflow/dags/gcs_to_bigquery_dag.py
[2022-02-13 12:25:59,684] {processor.py:654} INFO - DAG(s) dict_keys(['gcs_to_bigquery_dag']) retrieved from /opt/airflow/dags/gcs_to_bigquery_dag.py
[2022-02-13 12:25:59,695] {logging_mixin.py:109} INFO - [2022-02-13 12:25:59,695] {dag.py:2396} INFO - Sync 1 DAGs
[2022-02-13 12:25:59,713] {logging_mixin.py:109} INFO - [2022-02-13 12:25:59,713] {dag.py:2935} INFO - Setting next_dagrun for gcs_to_bigquery_dag to 2022-02-13T00:00:00+00:00
[2022-02-13 12:25:59,723] {processor.py:171} INFO - Processing /opt/airflow/dags/gcs_to_bigquery_dag.py took 1.068 seconds
[2022-02-13 12:26:29,775] {processor.py:163} INFO - Started process (PID=1977) to work on /opt/airflow/dags/gcs_to_bigquery_dag.py
[2022-02-13 12:26:29,776] {processor.py:642} INFO - Processing file /opt/airflow/dags/gcs_to_bigquery_dag.py for tasks to queue
[2022-02-13 12:26:29,777] {logging_mixin.py:109} INFO - [2022-02-13 12:26:29,777] {dagbag.py:500} INFO - Filling up the DagBag from /opt/airflow/dags/gcs_to_bigquery_dag.py
[2022-02-13 12:26:30,584] {processor.py:654} INFO - DAG(s) dict_keys(['gcs_to_bigquery_dag']) retrieved from /opt/airflow/dags/gcs_to_bigquery_dag.py
[2022-02-13 12:26:30,593] {logging_mixin.py:109} INFO - [2022-02-13 12:26:30,593] {dag.py:2396} INFO - Sync 1 DAGs
[2022-02-13 12:26:30,609] {logging_mixin.py:109} INFO - [2022-02-13 12:26:30,609] {dag.py:2935} INFO - Setting next_dagrun for gcs_to_bigquery_dag to 2022-02-13T00:00:00+00:00
[2022-02-13 12:26:30,619] {processor.py:171} INFO - Processing /opt/airflow/dags/gcs_to_bigquery_dag.py took 0.848 seconds
[2022-02-13 12:27:00,716] {processor.py:163} INFO - Started process (PID=2017) to work on /opt/airflow/dags/gcs_to_bigquery_dag.py
[2022-02-13 12:27:00,718] {processor.py:642} INFO - Processing file /opt/airflow/dags/gcs_to_bigquery_dag.py for tasks to queue
[2022-02-13 12:27:00,719] {logging_mixin.py:109} INFO - [2022-02-13 12:27:00,719] {dagbag.py:500} INFO - Filling up the DagBag from /opt/airflow/dags/gcs_to_bigquery_dag.py
[2022-02-13 12:27:01,603] {processor.py:654} INFO - DAG(s) dict_keys(['gcs_to_bigquery_dag']) retrieved from /opt/airflow/dags/gcs_to_bigquery_dag.py
[2022-02-13 12:27:01,613] {logging_mixin.py:109} INFO - [2022-02-13 12:27:01,613] {dag.py:2396} INFO - Sync 1 DAGs
[2022-02-13 12:27:01,633] {logging_mixin.py:109} INFO - [2022-02-13 12:27:01,633] {dag.py:2935} INFO - Setting next_dagrun for gcs_to_bigquery_dag to 2022-02-13T00:00:00+00:00
[2022-02-13 12:27:01,644] {processor.py:171} INFO - Processing /opt/airflow/dags/gcs_to_bigquery_dag.py took 0.934 seconds
[2022-02-13 12:27:31,742] {processor.py:163} INFO - Started process (PID=2046) to work on /opt/airflow/dags/gcs_to_bigquery_dag.py
[2022-02-13 12:27:31,744] {processor.py:642} INFO - Processing file /opt/airflow/dags/gcs_to_bigquery_dag.py for tasks to queue
[2022-02-13 12:27:31,745] {logging_mixin.py:109} INFO - [2022-02-13 12:27:31,745] {dagbag.py:500} INFO - Filling up the DagBag from /opt/airflow/dags/gcs_to_bigquery_dag.py
[2022-02-13 12:27:32,608] {processor.py:654} INFO - DAG(s) dict_keys(['gcs_to_bigquery_dag']) retrieved from /opt/airflow/dags/gcs_to_bigquery_dag.py
[2022-02-13 12:27:32,619] {logging_mixin.py:109} INFO - [2022-02-13 12:27:32,618] {dag.py:2396} INFO - Sync 1 DAGs
[2022-02-13 12:27:32,638] {logging_mixin.py:109} INFO - [2022-02-13 12:27:32,638] {dag.py:2935} INFO - Setting next_dagrun for gcs_to_bigquery_dag to 2022-02-13T00:00:00+00:00
[2022-02-13 12:27:32,650] {processor.py:171} INFO - Processing /opt/airflow/dags/gcs_to_bigquery_dag.py took 0.913 seconds
[2022-02-13 12:28:02,730] {processor.py:163} INFO - Started process (PID=2086) to work on /opt/airflow/dags/gcs_to_bigquery_dag.py
[2022-02-13 12:28:02,733] {processor.py:642} INFO - Processing file /opt/airflow/dags/gcs_to_bigquery_dag.py for tasks to queue
[2022-02-13 12:28:02,733] {logging_mixin.py:109} INFO - [2022-02-13 12:28:02,733] {dagbag.py:500} INFO - Filling up the DagBag from /opt/airflow/dags/gcs_to_bigquery_dag.py
[2022-02-13 12:28:03,645] {processor.py:654} INFO - DAG(s) dict_keys(['gcs_to_bigquery_dag']) retrieved from /opt/airflow/dags/gcs_to_bigquery_dag.py
[2022-02-13 12:28:03,655] {logging_mixin.py:109} INFO - [2022-02-13 12:28:03,655] {dag.py:2396} INFO - Sync 1 DAGs
[2022-02-13 12:28:03,673] {logging_mixin.py:109} INFO - [2022-02-13 12:28:03,673] {dag.py:2935} INFO - Setting next_dagrun for gcs_to_bigquery_dag to 2022-02-13T00:00:00+00:00
[2022-02-13 12:28:03,684] {processor.py:171} INFO - Processing /opt/airflow/dags/gcs_to_bigquery_dag.py took 0.957 seconds
[2022-02-13 12:28:33,763] {processor.py:163} INFO - Started process (PID=2113) to work on /opt/airflow/dags/gcs_to_bigquery_dag.py
[2022-02-13 12:28:33,767] {processor.py:642} INFO - Processing file /opt/airflow/dags/gcs_to_bigquery_dag.py for tasks to queue
[2022-02-13 12:28:33,768] {logging_mixin.py:109} INFO - [2022-02-13 12:28:33,768] {dagbag.py:500} INFO - Filling up the DagBag from /opt/airflow/dags/gcs_to_bigquery_dag.py
[2022-02-13 12:28:34,623] {processor.py:654} INFO - DAG(s) dict_keys(['gcs_to_bigquery_dag']) retrieved from /opt/airflow/dags/gcs_to_bigquery_dag.py
[2022-02-13 12:28:34,635] {logging_mixin.py:109} INFO - [2022-02-13 12:28:34,634] {dag.py:2396} INFO - Sync 1 DAGs
[2022-02-13 12:28:34,653] {logging_mixin.py:109} INFO - [2022-02-13 12:28:34,653] {dag.py:2935} INFO - Setting next_dagrun for gcs_to_bigquery_dag to 2022-02-13T00:00:00+00:00
[2022-02-13 12:28:34,664] {processor.py:171} INFO - Processing /opt/airflow/dags/gcs_to_bigquery_dag.py took 0.906 seconds
[2022-02-13 12:29:04,741] {processor.py:163} INFO - Started process (PID=2150) to work on /opt/airflow/dags/gcs_to_bigquery_dag.py
[2022-02-13 12:29:04,743] {processor.py:642} INFO - Processing file /opt/airflow/dags/gcs_to_bigquery_dag.py for tasks to queue
[2022-02-13 12:29:04,744] {logging_mixin.py:109} INFO - [2022-02-13 12:29:04,744] {dagbag.py:500} INFO - Filling up the DagBag from /opt/airflow/dags/gcs_to_bigquery_dag.py
[2022-02-13 12:29:05,673] {processor.py:654} INFO - DAG(s) dict_keys(['gcs_to_bigquery_dag']) retrieved from /opt/airflow/dags/gcs_to_bigquery_dag.py
[2022-02-13 12:29:05,685] {logging_mixin.py:109} INFO - [2022-02-13 12:29:05,684] {dag.py:2396} INFO - Sync 1 DAGs
[2022-02-13 12:29:05,702] {logging_mixin.py:109} INFO - [2022-02-13 12:29:05,702] {dag.py:2935} INFO - Setting next_dagrun for gcs_to_bigquery_dag to 2022-02-13T00:00:00+00:00
[2022-02-13 12:29:05,713] {processor.py:171} INFO - Processing /opt/airflow/dags/gcs_to_bigquery_dag.py took 0.977 seconds
[2022-02-13 12:29:35,816] {processor.py:163} INFO - Started process (PID=2179) to work on /opt/airflow/dags/gcs_to_bigquery_dag.py
[2022-02-13 12:29:35,819] {processor.py:642} INFO - Processing file /opt/airflow/dags/gcs_to_bigquery_dag.py for tasks to queue
[2022-02-13 12:29:35,820] {logging_mixin.py:109} INFO - [2022-02-13 12:29:35,820] {dagbag.py:500} INFO - Filling up the DagBag from /opt/airflow/dags/gcs_to_bigquery_dag.py
[2022-02-13 12:29:36,690] {processor.py:654} INFO - DAG(s) dict_keys(['gcs_to_bigquery_dag']) retrieved from /opt/airflow/dags/gcs_to_bigquery_dag.py
[2022-02-13 12:29:36,701] {logging_mixin.py:109} INFO - [2022-02-13 12:29:36,700] {dag.py:2396} INFO - Sync 1 DAGs
[2022-02-13 12:29:36,718] {logging_mixin.py:109} INFO - [2022-02-13 12:29:36,718] {dag.py:2935} INFO - Setting next_dagrun for gcs_to_bigquery_dag to 2022-02-13T00:00:00+00:00
[2022-02-13 12:29:36,730] {processor.py:171} INFO - Processing /opt/airflow/dags/gcs_to_bigquery_dag.py took 0.918 seconds
[2022-02-13 12:30:06,807] {processor.py:163} INFO - Started process (PID=2217) to work on /opt/airflow/dags/gcs_to_bigquery_dag.py
[2022-02-13 12:30:06,809] {processor.py:642} INFO - Processing file /opt/airflow/dags/gcs_to_bigquery_dag.py for tasks to queue
[2022-02-13 12:30:06,810] {logging_mixin.py:109} INFO - [2022-02-13 12:30:06,810] {dagbag.py:500} INFO - Filling up the DagBag from /opt/airflow/dags/gcs_to_bigquery_dag.py
[2022-02-13 12:30:07,710] {processor.py:654} INFO - DAG(s) dict_keys(['gcs_to_bigquery_dag']) retrieved from /opt/airflow/dags/gcs_to_bigquery_dag.py
[2022-02-13 12:30:07,720] {logging_mixin.py:109} INFO - [2022-02-13 12:30:07,720] {dag.py:2396} INFO - Sync 1 DAGs
[2022-02-13 12:30:07,738] {logging_mixin.py:109} INFO - [2022-02-13 12:30:07,738] {dag.py:2935} INFO - Setting next_dagrun for gcs_to_bigquery_dag to 2022-02-13T00:00:00+00:00
[2022-02-13 12:30:07,749] {processor.py:171} INFO - Processing /opt/airflow/dags/gcs_to_bigquery_dag.py took 0.947 seconds
[2022-02-13 12:31:34,591] {processor.py:163} INFO - Started process (PID=163) to work on /opt/airflow/dags/gcs_to_bigquery_dag.py
[2022-02-13 12:31:34,594] {processor.py:642} INFO - Processing file /opt/airflow/dags/gcs_to_bigquery_dag.py for tasks to queue
[2022-02-13 12:31:34,595] {logging_mixin.py:109} INFO - [2022-02-13 12:31:34,595] {dagbag.py:500} INFO - Filling up the DagBag from /opt/airflow/dags/gcs_to_bigquery_dag.py
[2022-02-13 12:31:37,346] {processor.py:654} INFO - DAG(s) dict_keys(['gcs_to_bigquery_dag']) retrieved from /opt/airflow/dags/gcs_to_bigquery_dag.py
[2022-02-13 12:31:37,357] {logging_mixin.py:109} INFO - [2022-02-13 12:31:37,356] {dag.py:2396} INFO - Sync 1 DAGs
[2022-02-13 12:31:37,375] {logging_mixin.py:109} INFO - [2022-02-13 12:31:37,374] {dag.py:2935} INFO - Setting next_dagrun for gcs_to_bigquery_dag to 2022-02-13T00:00:00+00:00
[2022-02-13 12:31:37,385] {processor.py:171} INFO - Processing /opt/airflow/dags/gcs_to_bigquery_dag.py took 2.799 seconds
[2022-02-13 12:32:07,472] {processor.py:163} INFO - Started process (PID=201) to work on /opt/airflow/dags/gcs_to_bigquery_dag.py
[2022-02-13 12:32:07,474] {processor.py:642} INFO - Processing file /opt/airflow/dags/gcs_to_bigquery_dag.py for tasks to queue
[2022-02-13 12:32:07,475] {logging_mixin.py:109} INFO - [2022-02-13 12:32:07,475] {dagbag.py:500} INFO - Filling up the DagBag from /opt/airflow/dags/gcs_to_bigquery_dag.py
[2022-02-13 12:32:08,198] {processor.py:654} INFO - DAG(s) dict_keys(['gcs_to_bigquery_dag']) retrieved from /opt/airflow/dags/gcs_to_bigquery_dag.py
[2022-02-13 12:32:08,208] {logging_mixin.py:109} INFO - [2022-02-13 12:32:08,207] {dag.py:2396} INFO - Sync 1 DAGs
[2022-02-13 12:32:08,226] {logging_mixin.py:109} INFO - [2022-02-13 12:32:08,225] {dag.py:2935} INFO - Setting next_dagrun for gcs_to_bigquery_dag to 2022-02-13T00:00:00+00:00
[2022-02-13 12:32:08,320] {processor.py:171} INFO - Processing /opt/airflow/dags/gcs_to_bigquery_dag.py took 0.851 seconds
[2022-02-13 12:32:38,400] {processor.py:163} INFO - Started process (PID=229) to work on /opt/airflow/dags/gcs_to_bigquery_dag.py
[2022-02-13 12:32:38,401] {processor.py:642} INFO - Processing file /opt/airflow/dags/gcs_to_bigquery_dag.py for tasks to queue
[2022-02-13 12:32:38,402] {logging_mixin.py:109} INFO - [2022-02-13 12:32:38,402] {dagbag.py:500} INFO - Filling up the DagBag from /opt/airflow/dags/gcs_to_bigquery_dag.py
[2022-02-13 12:32:39,161] {processor.py:654} INFO - DAG(s) dict_keys(['gcs_to_bigquery_dag']) retrieved from /opt/airflow/dags/gcs_to_bigquery_dag.py
[2022-02-13 12:32:39,172] {logging_mixin.py:109} INFO - [2022-02-13 12:32:39,171] {dag.py:2396} INFO - Sync 1 DAGs
[2022-02-13 12:32:39,190] {logging_mixin.py:109} INFO - [2022-02-13 12:32:39,190] {dag.py:2935} INFO - Setting next_dagrun for gcs_to_bigquery_dag to 2022-02-13T00:00:00+00:00
[2022-02-13 12:32:39,288] {processor.py:171} INFO - Processing /opt/airflow/dags/gcs_to_bigquery_dag.py took 0.893 seconds
