[2022-02-12 22:19:47,031] {taskinstance.py:1032} INFO - Dependencies all met for <TaskInstance: gcs_to_bigquery_dag.move_green_tripdata_files_task scheduled__2022-02-11T00:00:00+00:00 [queued]>
[2022-02-12 22:19:47,041] {taskinstance.py:1032} INFO - Dependencies all met for <TaskInstance: gcs_to_bigquery_dag.move_green_tripdata_files_task scheduled__2022-02-11T00:00:00+00:00 [queued]>
[2022-02-12 22:19:47,042] {taskinstance.py:1238} INFO - 
--------------------------------------------------------------------------------
[2022-02-12 22:19:47,042] {taskinstance.py:1239} INFO - Starting attempt 8 of 9
[2022-02-12 22:19:47,042] {taskinstance.py:1240} INFO - 
--------------------------------------------------------------------------------
[2022-02-12 22:19:47,058] {taskinstance.py:1259} INFO - Executing <Task(GCSToGCSOperator): move_green_tripdata_files_task> on 2022-02-11 00:00:00+00:00
[2022-02-12 22:19:47,067] {standard_task_runner.py:52} INFO - Started process 10172 to run task
[2022-02-12 22:19:47,077] {standard_task_runner.py:76} INFO - Running: ['***', 'tasks', 'run', 'gcs_to_bigquery_dag', 'move_green_tripdata_files_task', 'scheduled__2022-02-11T00:00:00+00:00', '--job-id', '926', '--raw', '--subdir', 'DAGS_FOLDER/gcs_to_bigquery_dag.py', '--cfg-path', '/tmp/tmp4eb5fuqm', '--error-file', '/tmp/tmptadn2iq0']
[2022-02-12 22:19:47,079] {standard_task_runner.py:77} INFO - Job 926: Subtask move_green_tripdata_files_task
[2022-02-12 22:19:47,163] {logging_mixin.py:109} INFO - Running <TaskInstance: gcs_to_bigquery_dag.move_green_tripdata_files_task scheduled__2022-02-11T00:00:00+00:00 [running]> on host 49bbbbff64af
[2022-02-12 22:19:47,242] {taskinstance.py:1426} INFO - Exporting the following env vars:
AIRFLOW_CTX_DAG_OWNER=***
AIRFLOW_CTX_DAG_ID=gcs_to_bigquery_dag
AIRFLOW_CTX_TASK_ID=move_green_tripdata_files_task
AIRFLOW_CTX_EXECUTION_DATE=2022-02-11T00:00:00+00:00
AIRFLOW_CTX_DAG_RUN_ID=scheduled__2022-02-11T00:00:00+00:00
[2022-02-12 22:19:47,243] {crypto.py:82} WARNING - empty cryptography key - values will not be stored encrypted.
[2022-02-12 22:19:47,244] {gcs_to_gcs.py:346} INFO - Delimiter ignored because wildcard is in prefix
[2022-02-12 22:19:47,384] {taskinstance.py:1277} INFO - Marking task as SUCCESS. dag_id=gcs_to_bigquery_dag, task_id=move_green_tripdata_files_task, execution_date=20220211T000000, start_date=20220212T221947, end_date=20220212T221947
[2022-02-12 22:19:47,408] {local_task_job.py:154} INFO - Task exited with return code 0
[2022-02-12 22:19:47,463] {local_task_job.py:264} INFO - 1 downstream tasks scheduled from follow-on schedule check
