[2022-02-13 11:59:10,450] {taskinstance.py:1032} INFO - Dependencies all met for <TaskInstance: gcs_to_bigquery_dag.bq_green_tripdata_external_table_task scheduled__2022-02-12T00:00:00+00:00 [queued]>
[2022-02-13 11:59:10,465] {taskinstance.py:1032} INFO - Dependencies all met for <TaskInstance: gcs_to_bigquery_dag.bq_green_tripdata_external_table_task scheduled__2022-02-12T00:00:00+00:00 [queued]>
[2022-02-13 11:59:10,465] {taskinstance.py:1238} INFO - 
--------------------------------------------------------------------------------
[2022-02-13 11:59:10,465] {taskinstance.py:1239} INFO - Starting attempt 1 of 2
[2022-02-13 11:59:10,465] {taskinstance.py:1240} INFO - 
--------------------------------------------------------------------------------
[2022-02-13 11:59:10,480] {taskinstance.py:1259} INFO - Executing <Task(BigQueryCreateExternalTableOperator): bq_green_tripdata_external_table_task> on 2022-02-12 00:00:00+00:00
[2022-02-13 11:59:10,487] {standard_task_runner.py:52} INFO - Started process 203 to run task
[2022-02-13 11:59:10,493] {standard_task_runner.py:76} INFO - Running: ['***', 'tasks', 'run', 'gcs_to_bigquery_dag', 'bq_green_tripdata_external_table_task', 'scheduled__2022-02-12T00:00:00+00:00', '--job-id', '934', '--raw', '--subdir', 'DAGS_FOLDER/gcs_to_bigquery_dag.py', '--cfg-path', '/tmp/tmpiv778zsq', '--error-file', '/tmp/tmpd_9xq814']
[2022-02-13 11:59:10,494] {standard_task_runner.py:77} INFO - Job 934: Subtask bq_green_tripdata_external_table_task
[2022-02-13 11:59:10,604] {logging_mixin.py:109} INFO - Running <TaskInstance: gcs_to_bigquery_dag.bq_green_tripdata_external_table_task scheduled__2022-02-12T00:00:00+00:00 [running]> on host 49bbbbff64af
[2022-02-13 11:59:10,734] {taskinstance.py:1426} INFO - Exporting the following env vars:
AIRFLOW_CTX_DAG_OWNER=***
AIRFLOW_CTX_DAG_ID=gcs_to_bigquery_dag
AIRFLOW_CTX_TASK_ID=bq_green_tripdata_external_table_task
AIRFLOW_CTX_EXECUTION_DATE=2022-02-12T00:00:00+00:00
AIRFLOW_CTX_DAG_RUN_ID=scheduled__2022-02-12T00:00:00+00:00
[2022-02-13 11:59:10,736] {crypto.py:82} WARNING - empty cryptography key - values will not be stored encrypted.
[2022-02-13 11:59:11,503] {taskinstance.py:1277} INFO - Marking task as SUCCESS. dag_id=gcs_to_bigquery_dag, task_id=bq_green_tripdata_external_table_task, execution_date=20220212T000000, start_date=20220213T115910, end_date=20220213T115911
[2022-02-13 11:59:11,550] {local_task_job.py:154} INFO - Task exited with return code 0
[2022-02-13 11:59:11,592] {local_task_job.py:264} INFO - 1 downstream tasks scheduled from follow-on schedule check
