[2022-02-13 11:59:13,038] {taskinstance.py:1032} INFO - Dependencies all met for <TaskInstance: gcs_to_bigquery_dag.bq_create_green_tripdata_partitioned_table_task scheduled__2022-02-12T00:00:00+00:00 [queued]>
[2022-02-13 11:59:13,051] {taskinstance.py:1032} INFO - Dependencies all met for <TaskInstance: gcs_to_bigquery_dag.bq_create_green_tripdata_partitioned_table_task scheduled__2022-02-12T00:00:00+00:00 [queued]>
[2022-02-13 11:59:13,052] {taskinstance.py:1238} INFO - 
--------------------------------------------------------------------------------
[2022-02-13 11:59:13,052] {taskinstance.py:1239} INFO - Starting attempt 1 of 2
[2022-02-13 11:59:13,052] {taskinstance.py:1240} INFO - 
--------------------------------------------------------------------------------
[2022-02-13 11:59:13,066] {taskinstance.py:1259} INFO - Executing <Task(BigQueryInsertJobOperator): bq_create_green_tripdata_partitioned_table_task> on 2022-02-12 00:00:00+00:00
[2022-02-13 11:59:13,073] {standard_task_runner.py:52} INFO - Started process 216 to run task
[2022-02-13 11:59:13,079] {standard_task_runner.py:76} INFO - Running: ['***', 'tasks', 'run', 'gcs_to_bigquery_dag', 'bq_create_green_tripdata_partitioned_table_task', 'scheduled__2022-02-12T00:00:00+00:00', '--job-id', '937', '--raw', '--subdir', 'DAGS_FOLDER/gcs_to_bigquery_dag.py', '--cfg-path', '/tmp/tmpon1c74a0', '--error-file', '/tmp/tmp01vr3r9x']
[2022-02-13 11:59:13,080] {standard_task_runner.py:77} INFO - Job 937: Subtask bq_create_green_tripdata_partitioned_table_task
[2022-02-13 11:59:13,168] {logging_mixin.py:109} INFO - Running <TaskInstance: gcs_to_bigquery_dag.bq_create_green_tripdata_partitioned_table_task scheduled__2022-02-12T00:00:00+00:00 [running]> on host 49bbbbff64af
[2022-02-13 11:59:13,253] {taskinstance.py:1426} INFO - Exporting the following env vars:
AIRFLOW_CTX_DAG_OWNER=***
AIRFLOW_CTX_DAG_ID=gcs_to_bigquery_dag
AIRFLOW_CTX_TASK_ID=bq_create_green_tripdata_partitioned_table_task
AIRFLOW_CTX_EXECUTION_DATE=2022-02-12T00:00:00+00:00
AIRFLOW_CTX_DAG_RUN_ID=scheduled__2022-02-12T00:00:00+00:00
[2022-02-13 11:59:13,255] {crypto.py:82} WARNING - empty cryptography key - values will not be stored encrypted.
[2022-02-13 11:59:13,261] {logging_mixin.py:109} WARNING - /home/***/.local/lib/python3.7/site-packages/***/utils/context.py:152 AirflowContextDeprecationWarning: Accessing 'execution_date' from the template is deprecated and will be removed in a future version. Please use 'data_interval_start' or 'logical_date' instead.
[2022-02-13 11:59:13,269] {bigquery.py:1637} INFO - Inserting job ***_gcs_to_bigquery_dag_bq_create_green_tripdata_partitioned_table_task_2022_02_12T00_00_00_00_00_25f840284fa10ceeff1c3c32143810e5
[2022-02-13 11:59:28,820] {taskinstance.py:1277} INFO - Marking task as SUCCESS. dag_id=gcs_to_bigquery_dag, task_id=bq_create_green_tripdata_partitioned_table_task, execution_date=20220212T000000, start_date=20220213T115913, end_date=20220213T115928
[2022-02-13 11:59:28,877] {local_task_job.py:154} INFO - Task exited with return code 0
[2022-02-13 11:59:28,908] {local_task_job.py:264} INFO - 0 downstream tasks scheduled from follow-on schedule check
