[2022-02-12 22:19:51,589] {taskinstance.py:1032} INFO - Dependencies all met for <TaskInstance: gcs_to_bigquery_dag.bq_create_yellow_tripdata_partitioned_table_task scheduled__2022-02-11T00:00:00+00:00 [queued]>
[2022-02-12 22:19:51,598] {taskinstance.py:1032} INFO - Dependencies all met for <TaskInstance: gcs_to_bigquery_dag.bq_create_yellow_tripdata_partitioned_table_task scheduled__2022-02-11T00:00:00+00:00 [queued]>
[2022-02-12 22:19:51,598] {taskinstance.py:1238} INFO - 
--------------------------------------------------------------------------------
[2022-02-12 22:19:51,599] {taskinstance.py:1239} INFO - Starting attempt 5 of 6
[2022-02-12 22:19:51,599] {taskinstance.py:1240} INFO - 
--------------------------------------------------------------------------------
[2022-02-12 22:19:51,610] {taskinstance.py:1259} INFO - Executing <Task(BigQueryInsertJobOperator): bq_create_yellow_tripdata_partitioned_table_task> on 2022-02-11 00:00:00+00:00
[2022-02-12 22:19:51,616] {standard_task_runner.py:52} INFO - Started process 10204 to run task
[2022-02-12 22:19:51,622] {standard_task_runner.py:76} INFO - Running: ['***', 'tasks', 'run', 'gcs_to_bigquery_dag', 'bq_create_yellow_tripdata_partitioned_table_task', 'scheduled__2022-02-11T00:00:00+00:00', '--job-id', '929', '--raw', '--subdir', 'DAGS_FOLDER/gcs_to_bigquery_dag.py', '--cfg-path', '/tmp/tmptq40d4ft', '--error-file', '/tmp/tmppkaq5rnx']
[2022-02-12 22:19:51,623] {standard_task_runner.py:77} INFO - Job 929: Subtask bq_create_yellow_tripdata_partitioned_table_task
[2022-02-12 22:19:51,689] {logging_mixin.py:109} INFO - Running <TaskInstance: gcs_to_bigquery_dag.bq_create_yellow_tripdata_partitioned_table_task scheduled__2022-02-11T00:00:00+00:00 [running]> on host 49bbbbff64af
[2022-02-12 22:19:51,748] {taskinstance.py:1426} INFO - Exporting the following env vars:
AIRFLOW_CTX_DAG_OWNER=***
AIRFLOW_CTX_DAG_ID=gcs_to_bigquery_dag
AIRFLOW_CTX_TASK_ID=bq_create_yellow_tripdata_partitioned_table_task
AIRFLOW_CTX_EXECUTION_DATE=2022-02-11T00:00:00+00:00
AIRFLOW_CTX_DAG_RUN_ID=scheduled__2022-02-11T00:00:00+00:00
[2022-02-12 22:19:51,750] {crypto.py:82} WARNING - empty cryptography key - values will not be stored encrypted.
[2022-02-12 22:19:51,757] {logging_mixin.py:109} WARNING - /home/***/.local/lib/python3.7/site-packages/***/utils/context.py:152 AirflowContextDeprecationWarning: Accessing 'execution_date' from the template is deprecated and will be removed in a future version. Please use 'data_interval_start' or 'logical_date' instead.
[2022-02-12 22:19:51,764] {bigquery.py:1637} INFO - Inserting job ***_gcs_to_bigquery_dag_bq_create_yellow_tripdata_partitioned_table_task_2022_02_11T00_00_00_00_00_db1b8e0803e15759d1b70920da5ece03
[2022-02-12 22:20:22,488] {taskinstance.py:1277} INFO - Marking task as SUCCESS. dag_id=gcs_to_bigquery_dag, task_id=bq_create_yellow_tripdata_partitioned_table_task, execution_date=20220211T000000, start_date=20220212T221951, end_date=20220212T222022
[2022-02-12 22:20:22,531] {local_task_job.py:154} INFO - Task exited with return code 0
[2022-02-12 22:20:22,563] {local_task_job.py:264} INFO - 0 downstream tasks scheduled from follow-on schedule check
