[2022-02-13 11:59:07,923] {taskinstance.py:1032} INFO - Dependencies all met for <TaskInstance: gcs_to_bigquery_dag.move_green_tripdata_files_task scheduled__2022-02-12T00:00:00+00:00 [queued]>
[2022-02-13 11:59:07,939] {taskinstance.py:1032} INFO - Dependencies all met for <TaskInstance: gcs_to_bigquery_dag.move_green_tripdata_files_task scheduled__2022-02-12T00:00:00+00:00 [queued]>
[2022-02-13 11:59:07,939] {taskinstance.py:1238} INFO - 
--------------------------------------------------------------------------------
[2022-02-13 11:59:07,939] {taskinstance.py:1239} INFO - Starting attempt 1 of 2
[2022-02-13 11:59:07,939] {taskinstance.py:1240} INFO - 
--------------------------------------------------------------------------------
[2022-02-13 11:59:07,971] {taskinstance.py:1259} INFO - Executing <Task(GCSToGCSOperator): move_green_tripdata_files_task> on 2022-02-12 00:00:00+00:00
[2022-02-13 11:59:07,990] {standard_task_runner.py:52} INFO - Started process 190 to run task
[2022-02-13 11:59:08,019] {standard_task_runner.py:76} INFO - Running: ['***', 'tasks', 'run', 'gcs_to_bigquery_dag', 'move_green_tripdata_files_task', 'scheduled__2022-02-12T00:00:00+00:00', '--job-id', '933', '--raw', '--subdir', 'DAGS_FOLDER/gcs_to_bigquery_dag.py', '--cfg-path', '/tmp/tmpncgrviaf', '--error-file', '/tmp/tmph31nib6q']
[2022-02-13 11:59:08,020] {standard_task_runner.py:77} INFO - Job 933: Subtask move_green_tripdata_files_task
[2022-02-13 11:59:08,170] {logging_mixin.py:109} INFO - Running <TaskInstance: gcs_to_bigquery_dag.move_green_tripdata_files_task scheduled__2022-02-12T00:00:00+00:00 [running]> on host 49bbbbff64af
[2022-02-13 11:59:08,274] {taskinstance.py:1426} INFO - Exporting the following env vars:
AIRFLOW_CTX_DAG_OWNER=***
AIRFLOW_CTX_DAG_ID=gcs_to_bigquery_dag
AIRFLOW_CTX_TASK_ID=move_green_tripdata_files_task
AIRFLOW_CTX_EXECUTION_DATE=2022-02-12T00:00:00+00:00
AIRFLOW_CTX_DAG_RUN_ID=scheduled__2022-02-12T00:00:00+00:00
[2022-02-13 11:59:08,277] {crypto.py:82} WARNING - empty cryptography key - values will not be stored encrypted.
[2022-02-13 11:59:08,277] {gcs_to_gcs.py:346} INFO - Delimiter ignored because wildcard is in prefix
[2022-02-13 11:59:08,467] {taskinstance.py:1277} INFO - Marking task as SUCCESS. dag_id=gcs_to_bigquery_dag, task_id=move_green_tripdata_files_task, execution_date=20220212T000000, start_date=20220213T115907, end_date=20220213T115908
[2022-02-13 11:59:08,541] {local_task_job.py:154} INFO - Task exited with return code 0
[2022-02-13 11:59:08,631] {local_task_job.py:264} INFO - 1 downstream tasks scheduled from follow-on schedule check
