[2022-02-12 21:16:25,682] {taskinstance.py:1032} INFO - Dependencies all met for <TaskInstance: gcs_to_bigquery_dag.bq_yellow_tripdata_external_table_task scheduled__2022-02-11T00:00:00+00:00 [queued]>
[2022-02-12 21:16:25,693] {taskinstance.py:1032} INFO - Dependencies all met for <TaskInstance: gcs_to_bigquery_dag.bq_yellow_tripdata_external_table_task scheduled__2022-02-11T00:00:00+00:00 [queued]>
[2022-02-12 21:16:25,693] {taskinstance.py:1238} INFO - 
--------------------------------------------------------------------------------
[2022-02-12 21:16:25,694] {taskinstance.py:1239} INFO - Starting attempt 8 of 9
[2022-02-12 21:16:25,694] {taskinstance.py:1240} INFO - 
--------------------------------------------------------------------------------
[2022-02-12 21:16:25,706] {taskinstance.py:1259} INFO - Executing <Task(BigQueryCreateExternalTableOperator): bq_yellow_tripdata_external_table_task> on 2022-02-11 00:00:00+00:00
[2022-02-12 21:16:25,713] {standard_task_runner.py:52} INFO - Started process 6041 to run task
[2022-02-12 21:16:25,720] {standard_task_runner.py:76} INFO - Running: ['***', 'tasks', 'run', 'gcs_to_bigquery_dag', 'bq_yellow_tripdata_external_table_task', 'scheduled__2022-02-11T00:00:00+00:00', '--job-id', '920', '--raw', '--subdir', 'DAGS_FOLDER/gcs_to_bigquery_dag.py', '--cfg-path', '/tmp/tmpbmtv0al8', '--error-file', '/tmp/tmpw0hwiogt']
[2022-02-12 21:16:25,721] {standard_task_runner.py:77} INFO - Job 920: Subtask bq_yellow_tripdata_external_table_task
[2022-02-12 21:16:25,797] {logging_mixin.py:109} INFO - Running <TaskInstance: gcs_to_bigquery_dag.bq_yellow_tripdata_external_table_task scheduled__2022-02-11T00:00:00+00:00 [running]> on host 49bbbbff64af
[2022-02-12 21:16:25,865] {taskinstance.py:1426} INFO - Exporting the following env vars:
AIRFLOW_CTX_DAG_OWNER=***
AIRFLOW_CTX_DAG_ID=gcs_to_bigquery_dag
AIRFLOW_CTX_TASK_ID=bq_yellow_tripdata_external_table_task
AIRFLOW_CTX_EXECUTION_DATE=2022-02-11T00:00:00+00:00
AIRFLOW_CTX_DAG_RUN_ID=scheduled__2022-02-11T00:00:00+00:00
[2022-02-12 21:16:25,867] {crypto.py:82} WARNING - empty cryptography key - values will not be stored encrypted.
[2022-02-12 21:16:26,754] {taskinstance.py:1277} INFO - Marking task as SUCCESS. dag_id=gcs_to_bigquery_dag, task_id=bq_yellow_tripdata_external_table_task, execution_date=20220211T000000, start_date=20220212T211625, end_date=20220212T211626
[2022-02-12 21:16:26,775] {local_task_job.py:154} INFO - Task exited with return code 0
[2022-02-12 21:16:26,814] {local_task_job.py:264} INFO - 1 downstream tasks scheduled from follow-on schedule check
