[2022-02-12 22:19:49,562] {taskinstance.py:1032} INFO - Dependencies all met for <TaskInstance: gcs_to_bigquery_dag.bq_yellow_tripdata_external_table_task scheduled__2022-02-11T00:00:00+00:00 [queued]>
[2022-02-12 22:19:49,572] {taskinstance.py:1032} INFO - Dependencies all met for <TaskInstance: gcs_to_bigquery_dag.bq_yellow_tripdata_external_table_task scheduled__2022-02-11T00:00:00+00:00 [queued]>
[2022-02-12 22:19:49,572] {taskinstance.py:1238} INFO - 
--------------------------------------------------------------------------------
[2022-02-12 22:19:49,572] {taskinstance.py:1239} INFO - Starting attempt 9 of 10
[2022-02-12 22:19:49,572] {taskinstance.py:1240} INFO - 
--------------------------------------------------------------------------------
[2022-02-12 22:19:49,584] {taskinstance.py:1259} INFO - Executing <Task(BigQueryCreateExternalTableOperator): bq_yellow_tripdata_external_table_task> on 2022-02-11 00:00:00+00:00
[2022-02-12 22:19:49,593] {standard_task_runner.py:52} INFO - Started process 10192 to run task
[2022-02-12 22:19:49,599] {standard_task_runner.py:76} INFO - Running: ['***', 'tasks', 'run', 'gcs_to_bigquery_dag', 'bq_yellow_tripdata_external_table_task', 'scheduled__2022-02-11T00:00:00+00:00', '--job-id', '927', '--raw', '--subdir', 'DAGS_FOLDER/gcs_to_bigquery_dag.py', '--cfg-path', '/tmp/tmp11izwupf', '--error-file', '/tmp/tmpx1i040vf']
[2022-02-12 22:19:49,600] {standard_task_runner.py:77} INFO - Job 927: Subtask bq_yellow_tripdata_external_table_task
[2022-02-12 22:19:49,686] {logging_mixin.py:109} INFO - Running <TaskInstance: gcs_to_bigquery_dag.bq_yellow_tripdata_external_table_task scheduled__2022-02-11T00:00:00+00:00 [running]> on host 49bbbbff64af
[2022-02-12 22:19:49,751] {taskinstance.py:1426} INFO - Exporting the following env vars:
AIRFLOW_CTX_DAG_OWNER=***
AIRFLOW_CTX_DAG_ID=gcs_to_bigquery_dag
AIRFLOW_CTX_TASK_ID=bq_yellow_tripdata_external_table_task
AIRFLOW_CTX_EXECUTION_DATE=2022-02-11T00:00:00+00:00
AIRFLOW_CTX_DAG_RUN_ID=scheduled__2022-02-11T00:00:00+00:00
[2022-02-12 22:19:49,753] {crypto.py:82} WARNING - empty cryptography key - values will not be stored encrypted.
[2022-02-12 22:19:50,474] {taskinstance.py:1277} INFO - Marking task as SUCCESS. dag_id=gcs_to_bigquery_dag, task_id=bq_yellow_tripdata_external_table_task, execution_date=20220211T000000, start_date=20220212T221949, end_date=20220212T221950
[2022-02-12 22:19:50,497] {local_task_job.py:154} INFO - Task exited with return code 0
[2022-02-12 22:19:50,538] {local_task_job.py:264} INFO - 1 downstream tasks scheduled from follow-on schedule check
